WARNING - 2023-05-27 00:25:06 --> [DEPRECATED] strtotime(): Passing null to parameter #1 ($datetime) of type string is deprecated in APPPATH\Views\mostrar.php on line 77.
 1 APPPATH\Views\mostrar.php(77): strtotime(null)
 2 SYSTEMPATH\View\View.php(213): include('C:\\xampp\\htdocs\\mi_veterinaria\\app\\Views\\mostrar.php')
 3 SYSTEMPATH\View\View.php(216): CodeIgniter\View\View->CodeIgniter\View\{closure}()
 4 SYSTEMPATH\Common.php(1184): CodeIgniter\View\View->render('mostrar', [], true)
 5 APPPATH\Controllers\Mostrar.php(22): view('mostrar', [...])
 6 SYSTEMPATH\CodeIgniter.php(934): App\Controllers\Mostrar->index()
 7 SYSTEMPATH\CodeIgniter.php(499): CodeIgniter\CodeIgniter->runController(Object(App\Controllers\Mostrar))
 8 SYSTEMPATH\CodeIgniter.php(368): CodeIgniter\CodeIgniter->handleRequest(null, Object(Config\Cache), false)
 9 FCPATH\index.php(67): CodeIgniter\CodeIgniter->run()
WARNING - 2023-05-27 00:25:06 --> [DEPRECATED] strtotime(): Passing null to parameter #1 ($datetime) of type string is deprecated in APPPATH\Views\mostrar.php on line 77.
 1 APPPATH\Views\mostrar.php(77): strtotime(null)
 2 SYSTEMPATH\View\View.php(213): include('C:\\xampp\\htdocs\\mi_veterinaria\\app\\Views\\mostrar.php')
 3 SYSTEMPATH\View\View.php(216): CodeIgniter\View\View->CodeIgniter\View\{closure}()
 4 SYSTEMPATH\Common.php(1184): CodeIgniter\View\View->render('mostrar', [], true)
 5 APPPATH\Controllers\Mostrar.php(22): view('mostrar', [...])
 6 SYSTEMPATH\CodeIgniter.php(934): App\Controllers\Mostrar->index()
 7 SYSTEMPATH\CodeIgniter.php(499): CodeIgniter\CodeIgniter->runController(Object(App\Controllers\Mostrar))
 8 SYSTEMPATH\CodeIgniter.php(368): CodeIgniter\CodeIgniter->handleRequest(null, Object(Config\Cache), false)
 9 FCPATH\index.php(67): CodeIgniter\CodeIgniter->run()
WARNING - 2023-05-27 00:25:06 --> [DEPRECATED] strtotime(): Passing null to parameter #1 ($datetime) of type string is deprecated in APPPATH\Views\mostrar.php on line 77.
 1 APPPATH\Views\mostrar.php(77): strtotime(null)
 2 SYSTEMPATH\View\View.php(213): include('C:\\xampp\\htdocs\\mi_veterinaria\\app\\Views\\mostrar.php')
 3 SYSTEMPATH\View\View.php(216): CodeIgniter\View\View->CodeIgniter\View\{closure}()
 4 SYSTEMPATH\Common.php(1184): CodeIgniter\View\View->render('mostrar', [], true)
 5 APPPATH\Controllers\Mostrar.php(22): view('mostrar', [...])
 6 SYSTEMPATH\CodeIgniter.php(934): App\Controllers\Mostrar->index()
 7 SYSTEMPATH\CodeIgniter.php(499): CodeIgniter\CodeIgniter->runController(Object(App\Controllers\Mostrar))
 8 SYSTEMPATH\CodeIgniter.php(368): CodeIgniter\CodeIgniter->handleRequest(null, Object(Config\Cache), false)
 9 FCPATH\index.php(67): CodeIgniter\CodeIgniter->run()
WARNING - 2023-05-27 00:25:06 --> [DEPRECATED] strtotime(): Passing null to parameter #1 ($datetime) of type string is deprecated in APPPATH\Views\mostrar.php on line 77.
 1 APPPATH\Views\mostrar.php(77): strtotime(null)
 2 SYSTEMPATH\View\View.php(213): include('C:\\xampp\\htdocs\\mi_veterinaria\\app\\Views\\mostrar.php')
 3 SYSTEMPATH\View\View.php(216): CodeIgniter\View\View->CodeIgniter\View\{closure}()
 4 SYSTEMPATH\Common.php(1184): CodeIgniter\View\View->render('mostrar', [], true)
 5 APPPATH\Controllers\Mostrar.php(22): view('mostrar', [...])
 6 SYSTEMPATH\CodeIgniter.php(934): App\Controllers\Mostrar->index()
 7 SYSTEMPATH\CodeIgniter.php(499): CodeIgniter\CodeIgniter->runController(Object(App\Controllers\Mostrar))
 8 SYSTEMPATH\CodeIgniter.php(368): CodeIgniter\CodeIgniter->handleRequest(null, Object(Config\Cache), false)
 9 FCPATH\index.php(67): CodeIgniter\CodeIgniter->run()
WARNING - 2023-05-27 00:25:06 --> [DEPRECATED] strtotime(): Passing null to parameter #1 ($datetime) of type string is deprecated in APPPATH\Views\mostrar.php on line 77.
 1 APPPATH\Views\mostrar.php(77): strtotime(null)
 2 SYSTEMPATH\View\View.php(213): include('C:\\xampp\\htdocs\\mi_veterinaria\\app\\Views\\mostrar.php')
 3 SYSTEMPATH\View\View.php(216): CodeIgniter\View\View->CodeIgniter\View\{closure}()
 4 SYSTEMPATH\Common.php(1184): CodeIgniter\View\View->render('mostrar', [], true)
 5 APPPATH\Controllers\Mostrar.php(22): view('mostrar', [...])
 6 SYSTEMPATH\CodeIgniter.php(934): App\Controllers\Mostrar->index()
 7 SYSTEMPATH\CodeIgniter.php(499): CodeIgniter\CodeIgniter->runController(Object(App\Controllers\Mostrar))
 8 SYSTEMPATH\CodeIgniter.php(368): CodeIgniter\CodeIgniter->handleRequest(null, Object(Config\Cache), false)
 9 FCPATH\index.php(67): CodeIgniter\CodeIgniter->run()
WARNING - 2023-05-27 00:25:06 --> [DEPRECATED] strtotime(): Passing null to parameter #1 ($datetime) of type string is deprecated in APPPATH\Views\mostrar.php on line 77.
 1 APPPATH\Views\mostrar.php(77): strtotime(null)
 2 SYSTEMPATH\View\View.php(213): include('C:\\xampp\\htdocs\\mi_veterinaria\\app\\Views\\mostrar.php')
 3 SYSTEMPATH\View\View.php(216): CodeIgniter\View\View->CodeIgniter\View\{closure}()
 4 SYSTEMPATH\Common.php(1184): CodeIgniter\View\View->render('mostrar', [], true)
 5 APPPATH\Controllers\Mostrar.php(22): view('mostrar', [...])
 6 SYSTEMPATH\CodeIgniter.php(934): App\Controllers\Mostrar->index()
 7 SYSTEMPATH\CodeIgniter.php(499): CodeIgniter\CodeIgniter->runController(Object(App\Controllers\Mostrar))
 8 SYSTEMPATH\CodeIgniter.php(368): CodeIgniter\CodeIgniter->handleRequest(null, Object(Config\Cache), false)
 9 FCPATH\index.php(67): CodeIgniter\CodeIgniter->run()
WARNING - 2023-05-27 00:25:06 --> [DEPRECATED] strtotime(): Passing null to parameter #1 ($datetime) of type string is deprecated in APPPATH\Views\mostrar.php on line 77.
 1 APPPATH\Views\mostrar.php(77): strtotime(null)
 2 SYSTEMPATH\View\View.php(213): include('C:\\xampp\\htdocs\\mi_veterinaria\\app\\Views\\mostrar.php')
 3 SYSTEMPATH\View\View.php(216): CodeIgniter\View\View->CodeIgniter\View\{closure}()
 4 SYSTEMPATH\Common.php(1184): CodeIgniter\View\View->render('mostrar', [], true)
 5 APPPATH\Controllers\Mostrar.php(22): view('mostrar', [...])
 6 SYSTEMPATH\CodeIgniter.php(934): App\Controllers\Mostrar->index()
 7 SYSTEMPATH\CodeIgniter.php(499): CodeIgniter\CodeIgniter->runController(Object(App\Controllers\Mostrar))
 8 SYSTEMPATH\CodeIgniter.php(368): CodeIgniter\CodeIgniter->handleRequest(null, Object(Config\Cache), false)
 9 FCPATH\index.php(67): CodeIgniter\CodeIgniter->run()
WARNING - 2023-05-27 00:25:06 --> [DEPRECATED] strtotime(): Passing null to parameter #1 ($datetime) of type string is deprecated in APPPATH\Views\mostrar.php on line 77.
 1 APPPATH\Views\mostrar.php(77): strtotime(null)
 2 SYSTEMPATH\View\View.php(213): include('C:\\xampp\\htdocs\\mi_veterinaria\\app\\Views\\mostrar.php')
 3 SYSTEMPATH\View\View.php(216): CodeIgniter\View\View->CodeIgniter\View\{closure}()
 4 SYSTEMPATH\Common.php(1184): CodeIgniter\View\View->render('mostrar', [], true)
 5 APPPATH\Controllers\Mostrar.php(22): view('mostrar', [...])
 6 SYSTEMPATH\CodeIgniter.php(934): App\Controllers\Mostrar->index()
 7 SYSTEMPATH\CodeIgniter.php(499): CodeIgniter\CodeIgniter->runController(Object(App\Controllers\Mostrar))
 8 SYSTEMPATH\CodeIgniter.php(368): CodeIgniter\CodeIgniter->handleRequest(null, Object(Config\Cache), false)
 9 FCPATH\index.php(67): CodeIgniter\CodeIgniter->run()
WARNING - 2023-05-27 00:25:06 --> [DEPRECATED] strtotime(): Passing null to parameter #1 ($datetime) of type string is deprecated in APPPATH\Views\mostrar.php on line 77.
 1 APPPATH\Views\mostrar.php(77): strtotime(null)
 2 SYSTEMPATH\View\View.php(213): include('C:\\xampp\\htdocs\\mi_veterinaria\\app\\Views\\mostrar.php')
 3 SYSTEMPATH\View\View.php(216): CodeIgniter\View\View->CodeIgniter\View\{closure}()
 4 SYSTEMPATH\Common.php(1184): CodeIgniter\View\View->render('mostrar', [], true)
 5 APPPATH\Controllers\Mostrar.php(22): view('mostrar', [...])
 6 SYSTEMPATH\CodeIgniter.php(934): App\Controllers\Mostrar->index()
 7 SYSTEMPATH\CodeIgniter.php(499): CodeIgniter\CodeIgniter->runController(Object(App\Controllers\Mostrar))
 8 SYSTEMPATH\CodeIgniter.php(368): CodeIgniter\CodeIgniter->handleRequest(null, Object(Config\Cache), false)
 9 FCPATH\index.php(67): CodeIgniter\CodeIgniter->run()
WARNING - 2023-05-27 00:25:28 --> [DEPRECATED] strtotime(): Passing null to parameter #1 ($datetime) of type string is deprecated in APPPATH\Views\mostrar.php on line 78.
 1 APPPATH\Views\mostrar.php(78): strtotime(null)
 2 SYSTEMPATH\View\View.php(213): include('C:\\xampp\\htdocs\\mi_veterinaria\\app\\Views\\mostrar.php')
 3 SYSTEMPATH\View\View.php(216): CodeIgniter\View\View->CodeIgniter\View\{closure}()
 4 SYSTEMPATH\Common.php(1184): CodeIgniter\View\View->render('mostrar', [], true)
 5 APPPATH\Controllers\Mostrar.php(22): view('mostrar', [...])
 6 SYSTEMPATH\CodeIgniter.php(934): App\Controllers\Mostrar->index()
 7 SYSTEMPATH\CodeIgniter.php(499): CodeIgniter\CodeIgniter->runController(Object(App\Controllers\Mostrar))
 8 SYSTEMPATH\CodeIgniter.php(368): CodeIgniter\CodeIgniter->handleRequest(null, Object(Config\Cache), false)
 9 FCPATH\index.php(67): CodeIgniter\CodeIgniter->run()
WARNING - 2023-05-27 00:25:28 --> [DEPRECATED] strtotime(): Passing null to parameter #1 ($datetime) of type string is deprecated in APPPATH\Views\mostrar.php on line 78.
 1 APPPATH\Views\mostrar.php(78): strtotime(null)
 2 SYSTEMPATH\View\View.php(213): include('C:\\xampp\\htdocs\\mi_veterinaria\\app\\Views\\mostrar.php')
 3 SYSTEMPATH\View\View.php(216): CodeIgniter\View\View->CodeIgniter\View\{closure}()
 4 SYSTEMPATH\Common.php(1184): CodeIgniter\View\View->render('mostrar', [], true)
 5 APPPATH\Controllers\Mostrar.php(22): view('mostrar', [...])
 6 SYSTEMPATH\CodeIgniter.php(934): App\Controllers\Mostrar->index()
 7 SYSTEMPATH\CodeIgniter.php(499): CodeIgniter\CodeIgniter->runController(Object(App\Controllers\Mostrar))
 8 SYSTEMPATH\CodeIgniter.php(368): CodeIgniter\CodeIgniter->handleRequest(null, Object(Config\Cache), false)
 9 FCPATH\index.php(67): CodeIgniter\CodeIgniter->run()
WARNING - 2023-05-27 00:25:28 --> [DEPRECATED] strtotime(): Passing null to parameter #1 ($datetime) of type string is deprecated in APPPATH\Views\mostrar.php on line 78.
 1 APPPATH\Views\mostrar.php(78): strtotime(null)
 2 SYSTEMPATH\View\View.php(213): include('C:\\xampp\\htdocs\\mi_veterinaria\\app\\Views\\mostrar.php')
 3 SYSTEMPATH\View\View.php(216): CodeIgniter\View\View->CodeIgniter\View\{closure}()
 4 SYSTEMPATH\Common.php(1184): CodeIgniter\View\View->render('mostrar', [], true)
 5 APPPATH\Controllers\Mostrar.php(22): view('mostrar', [...])
 6 SYSTEMPATH\CodeIgniter.php(934): App\Controllers\Mostrar->index()
 7 SYSTEMPATH\CodeIgniter.php(499): CodeIgniter\CodeIgniter->runController(Object(App\Controllers\Mostrar))
 8 SYSTEMPATH\CodeIgniter.php(368): CodeIgniter\CodeIgniter->handleRequest(null, Object(Config\Cache), false)
 9 FCPATH\index.php(67): CodeIgniter\CodeIgniter->run()
WARNING - 2023-05-27 00:25:28 --> [DEPRECATED] strtotime(): Passing null to parameter #1 ($datetime) of type string is deprecated in APPPATH\Views\mostrar.php on line 78.
 1 APPPATH\Views\mostrar.php(78): strtotime(null)
 2 SYSTEMPATH\View\View.php(213): include('C:\\xampp\\htdocs\\mi_veterinaria\\app\\Views\\mostrar.php')
 3 SYSTEMPATH\View\View.php(216): CodeIgniter\View\View->CodeIgniter\View\{closure}()
 4 SYSTEMPATH\Common.php(1184): CodeIgniter\View\View->render('mostrar', [], true)
 5 APPPATH\Controllers\Mostrar.php(22): view('mostrar', [...])
 6 SYSTEMPATH\CodeIgniter.php(934): App\Controllers\Mostrar->index()
 7 SYSTEMPATH\CodeIgniter.php(499): CodeIgniter\CodeIgniter->runController(Object(App\Controllers\Mostrar))
 8 SYSTEMPATH\CodeIgniter.php(368): CodeIgniter\CodeIgniter->handleRequest(null, Object(Config\Cache), false)
 9 FCPATH\index.php(67): CodeIgniter\CodeIgniter->run()
WARNING - 2023-05-27 00:25:28 --> [DEPRECATED] strtotime(): Passing null to parameter #1 ($datetime) of type string is deprecated in APPPATH\Views\mostrar.php on line 78.
 1 APPPATH\Views\mostrar.php(78): strtotime(null)
 2 SYSTEMPATH\View\View.php(213): include('C:\\xampp\\htdocs\\mi_veterinaria\\app\\Views\\mostrar.php')
 3 SYSTEMPATH\View\View.php(216): CodeIgniter\View\View->CodeIgniter\View\{closure}()
 4 SYSTEMPATH\Common.php(1184): CodeIgniter\View\View->render('mostrar', [], true)
 5 APPPATH\Controllers\Mostrar.php(22): view('mostrar', [...])
 6 SYSTEMPATH\CodeIgniter.php(934): App\Controllers\Mostrar->index()
 7 SYSTEMPATH\CodeIgniter.php(499): CodeIgniter\CodeIgniter->runController(Object(App\Controllers\Mostrar))
 8 SYSTEMPATH\CodeIgniter.php(368): CodeIgniter\CodeIgniter->handleRequest(null, Object(Config\Cache), false)
 9 FCPATH\index.php(67): CodeIgniter\CodeIgniter->run()
WARNING - 2023-05-27 00:25:28 --> [DEPRECATED] strtotime(): Passing null to parameter #1 ($datetime) of type string is deprecated in APPPATH\Views\mostrar.php on line 78.
 1 APPPATH\Views\mostrar.php(78): strtotime(null)
 2 SYSTEMPATH\View\View.php(213): include('C:\\xampp\\htdocs\\mi_veterinaria\\app\\Views\\mostrar.php')
 3 SYSTEMPATH\View\View.php(216): CodeIgniter\View\View->CodeIgniter\View\{closure}()
 4 SYSTEMPATH\Common.php(1184): CodeIgniter\View\View->render('mostrar', [], true)
 5 APPPATH\Controllers\Mostrar.php(22): view('mostrar', [...])
 6 SYSTEMPATH\CodeIgniter.php(934): App\Controllers\Mostrar->index()
 7 SYSTEMPATH\CodeIgniter.php(499): CodeIgniter\CodeIgniter->runController(Object(App\Controllers\Mostrar))
 8 SYSTEMPATH\CodeIgniter.php(368): CodeIgniter\CodeIgniter->handleRequest(null, Object(Config\Cache), false)
 9 FCPATH\index.php(67): CodeIgniter\CodeIgniter->run()
WARNING - 2023-05-27 00:25:28 --> [DEPRECATED] strtotime(): Passing null to parameter #1 ($datetime) of type string is deprecated in APPPATH\Views\mostrar.php on line 78.
 1 APPPATH\Views\mostrar.php(78): strtotime(null)
 2 SYSTEMPATH\View\View.php(213): include('C:\\xampp\\htdocs\\mi_veterinaria\\app\\Views\\mostrar.php')
 3 SYSTEMPATH\View\View.php(216): CodeIgniter\View\View->CodeIgniter\View\{closure}()
 4 SYSTEMPATH\Common.php(1184): CodeIgniter\View\View->render('mostrar', [], true)
 5 APPPATH\Controllers\Mostrar.php(22): view('mostrar', [...])
 6 SYSTEMPATH\CodeIgniter.php(934): App\Controllers\Mostrar->index()
 7 SYSTEMPATH\CodeIgniter.php(499): CodeIgniter\CodeIgniter->runController(Object(App\Controllers\Mostrar))
 8 SYSTEMPATH\CodeIgniter.php(368): CodeIgniter\CodeIgniter->handleRequest(null, Object(Config\Cache), false)
 9 FCPATH\index.php(67): CodeIgniter\CodeIgniter->run()
WARNING - 2023-05-27 00:25:28 --> [DEPRECATED] strtotime(): Passing null to parameter #1 ($datetime) of type string is deprecated in APPPATH\Views\mostrar.php on line 78.
 1 APPPATH\Views\mostrar.php(78): strtotime(null)
 2 SYSTEMPATH\View\View.php(213): include('C:\\xampp\\htdocs\\mi_veterinaria\\app\\Views\\mostrar.php')
 3 SYSTEMPATH\View\View.php(216): CodeIgniter\View\View->CodeIgniter\View\{closure}()
 4 SYSTEMPATH\Common.php(1184): CodeIgniter\View\View->render('mostrar', [], true)
 5 APPPATH\Controllers\Mostrar.php(22): view('mostrar', [...])
 6 SYSTEMPATH\CodeIgniter.php(934): App\Controllers\Mostrar->index()
 7 SYSTEMPATH\CodeIgniter.php(499): CodeIgniter\CodeIgniter->runController(Object(App\Controllers\Mostrar))
 8 SYSTEMPATH\CodeIgniter.php(368): CodeIgniter\CodeIgniter->handleRequest(null, Object(Config\Cache), false)
 9 FCPATH\index.php(67): CodeIgniter\CodeIgniter->run()
WARNING - 2023-05-27 00:25:28 --> [DEPRECATED] strtotime(): Passing null to parameter #1 ($datetime) of type string is deprecated in APPPATH\Views\mostrar.php on line 78.
 1 APPPATH\Views\mostrar.php(78): strtotime(null)
 2 SYSTEMPATH\View\View.php(213): include('C:\\xampp\\htdocs\\mi_veterinaria\\app\\Views\\mostrar.php')
 3 SYSTEMPATH\View\View.php(216): CodeIgniter\View\View->CodeIgniter\View\{closure}()
 4 SYSTEMPATH\Common.php(1184): CodeIgniter\View\View->render('mostrar', [], true)
 5 APPPATH\Controllers\Mostrar.php(22): view('mostrar', [...])
 6 SYSTEMPATH\CodeIgniter.php(934): App\Controllers\Mostrar->index()
 7 SYSTEMPATH\CodeIgniter.php(499): CodeIgniter\CodeIgniter->runController(Object(App\Controllers\Mostrar))
 8 SYSTEMPATH\CodeIgniter.php(368): CodeIgniter\CodeIgniter->handleRequest(null, Object(Config\Cache), false)
 9 FCPATH\index.php(67): CodeIgniter\CodeIgniter->run()
INFO - 2023-05-27 00:26:02 --> Session: Class initialized using 'CodeIgniter\Session\Handlers\FileHandler' driver.
INFO - 2023-05-27 00:26:08 --> Session: Class initialized using 'CodeIgniter\Session\Handlers\FileHandler' driver.
INFO - 2023-05-27 00:26:09 --> Session: Class initialized using 'CodeIgniter\Session\Handlers\FileHandler' driver.
INFO - 2023-05-27 00:55:02 --> Session: Class initialized using 'CodeIgniter\Session\Handlers\FileHandler' driver.
CRITICAL - 2023-05-27 01:31:52 --> Unmatched '}'
in APPPATH\Controllers\Alta.php on line 285.
 1 SYSTEMPATH\Autoloader\Autoloader.php(289): CodeIgniter\Autoloader\Autoloader->includeFile('C:\\xampp\\htdocs\\mi_veterinaria\\app\\Controllers\\Alta.php')
 2 SYSTEMPATH\Autoloader\Autoloader.php(267): CodeIgniter\Autoloader\Autoloader->loadInNamespace('App\\Controllers\\Alta')
 3 [internal function]: CodeIgniter\Autoloader\Autoloader->loadClass('App\\Controllers\\Alta')
 4 SYSTEMPATH\CodeIgniter.php(892): class_exists('\\App\\Controllers\\Alta', true)
 5 SYSTEMPATH\CodeIgniter.php(486): CodeIgniter\CodeIgniter->startController()
 6 SYSTEMPATH\CodeIgniter.php(368): CodeIgniter\CodeIgniter->handleRequest(null, Object(Config\Cache), false)
 7 FCPATH\index.php(67): CodeIgniter\CodeIgniter->run()
INFO - 2023-05-27 01:39:34 --> Session: Class initialized using 'CodeIgniter\Session\Handlers\FileHandler' driver.
CRITICAL - 2023-05-27 01:56:05 --> Call to undefined method CodeIgniter\Autoloader\Autoloader::ordenar()
in APPPATH\Controllers\Mostrar.php on line 47.
 1 SYSTEMPATH\Autoloader\Autoloader.php(312): include_once()
 2 SYSTEMPATH\Autoloader\Autoloader.php(289): CodeIgniter\Autoloader\Autoloader->includeFile('C:\\xampp\\htdocs\\mi_veterinaria\\app\\Controllers\\Mostrar.php')
 3 SYSTEMPATH\Autoloader\Autoloader.php(267): CodeIgniter\Autoloader\Autoloader->loadInNamespace('App\\Controllers\\Mostrar')
 4 [internal function]: CodeIgniter\Autoloader\Autoloader->loadClass('App\\Controllers\\Mostrar')
 5 SYSTEMPATH\CodeIgniter.php(892): class_exists('\\App\\Controllers\\Mostrar', true)
 6 SYSTEMPATH\CodeIgniter.php(486): CodeIgniter\CodeIgniter->startController()
 7 SYSTEMPATH\CodeIgniter.php(368): CodeIgniter\CodeIgniter->handleRequest(null, Object(Config\Cache), false)
 8 FCPATH\index.php(67): CodeIgniter\CodeIgniter->run()
CRITICAL - 2023-05-27 02:02:40 --> Undefined array key "speciality"
in APPPATH\Views\mostrar.php on line 182.
 1 APPPATH\Views\mostrar.php(182): CodeIgniter\Debug\Exceptions->errorHandler(2, 'Undefined array key "speciality"', 'C:\\xampp\\htdocs\\mi_veterinaria\\app\\Views\\mostrar.php', 182)
 2 SYSTEMPATH\View\View.php(213): include('C:\\xampp\\htdocs\\mi_veterinaria\\app\\Views\\mostrar.php')
 3 SYSTEMPATH\View\View.php(216): CodeIgniter\View\View->CodeIgniter\View\{closure}()
 4 SYSTEMPATH\Common.php(1184): CodeIgniter\View\View->render('mostrar', [], true)
 5 APPPATH\Controllers\Mostrar.php(28): view('mostrar', [...])
 6 SYSTEMPATH\CodeIgniter.php(934): App\Controllers\Mostrar->index()
 7 SYSTEMPATH\CodeIgniter.php(499): CodeIgniter\CodeIgniter->runController(Object(App\Controllers\Mostrar))
 8 SYSTEMPATH\CodeIgniter.php(368): CodeIgniter\CodeIgniter->handleRequest(null, Object(Config\Cache), false)
 9 FCPATH\index.php(67): CodeIgniter\CodeIgniter->run()
CRITICAL - 2023-05-27 02:02:55 --> Undefined array key "owner_id"
in APPPATH\Views\mostrar.php on line 182.
 1 APPPATH\Views\mostrar.php(182): CodeIgniter\Debug\Exceptions->errorHandler(2, 'Undefined array key "owner_id"', 'C:\\xampp\\htdocs\\mi_veterinaria\\app\\Views\\mostrar.php', 182)
 2 SYSTEMPATH\View\View.php(213): include('C:\\xampp\\htdocs\\mi_veterinaria\\app\\Views\\mostrar.php')
 3 SYSTEMPATH\View\View.php(216): CodeIgniter\View\View->CodeIgniter\View\{closure}()
 4 SYSTEMPATH\Common.php(1184): CodeIgniter\View\View->render('mostrar', [], true)
 5 APPPATH\Controllers\Mostrar.php(28): view('mostrar', [...])
 6 SYSTEMPATH\CodeIgniter.php(934): App\Controllers\Mostrar->index()
 7 SYSTEMPATH\CodeIgniter.php(499): CodeIgniter\CodeIgniter->runController(Object(App\Controllers\Mostrar))
 8 SYSTEMPATH\CodeIgniter.php(368): CodeIgniter\CodeIgniter->handleRequest(null, Object(Config\Cache), false)
 9 FCPATH\index.php(67): CodeIgniter\CodeIgniter->run()
CRITICAL - 2023-05-27 02:03:17 --> Undefined array key "date_end_relation"
in APPPATH\Views\mostrar.php on line 183.
 1 APPPATH\Views\mostrar.php(183): CodeIgniter\Debug\Exceptions->errorHandler(2, 'Undefined array key "date_end_relation"', 'C:\\xampp\\htdocs\\mi_veterinaria\\app\\Views\\mostrar.php', 183)
 2 SYSTEMPATH\View\View.php(213): include('C:\\xampp\\htdocs\\mi_veterinaria\\app\\Views\\mostrar.php')
 3 SYSTEMPATH\View\View.php(216): CodeIgniter\View\View->CodeIgniter\View\{closure}()
 4 SYSTEMPATH\Common.php(1184): CodeIgniter\View\View->render('mostrar', [], true)
 5 APPPATH\Controllers\Mostrar.php(28): view('mostrar', [...])
 6 SYSTEMPATH\CodeIgniter.php(934): App\Controllers\Mostrar->index()
 7 SYSTEMPATH\CodeIgniter.php(499): CodeIgniter\CodeIgniter->runController(Object(App\Controllers\Mostrar))
 8 SYSTEMPATH\CodeIgniter.php(368): CodeIgniter\CodeIgniter->handleRequest(null, Object(Config\Cache), false)
 9 FCPATH\index.php(67): CodeIgniter\CodeIgniter->run()
CRITICAL - 2023-05-27 02:04:14 --> Undefined array key "date_end_relation"
in APPPATH\Views\mostrar.php on line 183.
 1 APPPATH\Views\mostrar.php(183): CodeIgniter\Debug\Exceptions->errorHandler(2, 'Undefined array key "date_end_relation"', 'C:\\xampp\\htdocs\\mi_veterinaria\\app\\Views\\mostrar.php', 183)
 2 SYSTEMPATH\View\View.php(213): include('C:\\xampp\\htdocs\\mi_veterinaria\\app\\Views\\mostrar.php')
 3 SYSTEMPATH\View\View.php(216): CodeIgniter\View\View->CodeIgniter\View\{closure}()
 4 SYSTEMPATH\Common.php(1184): CodeIgniter\View\View->render('mostrar', [], true)
 5 APPPATH\Controllers\Mostrar.php(29): view('mostrar', [...])
 6 SYSTEMPATH\CodeIgniter.php(934): App\Controllers\Mostrar->index()
 7 SYSTEMPATH\CodeIgniter.php(499): CodeIgniter\CodeIgniter->runController(Object(App\Controllers\Mostrar))
 8 SYSTEMPATH\CodeIgniter.php(368): CodeIgniter\CodeIgniter->handleRequest(null, Object(Config\Cache), false)
 9 FCPATH\index.php(67): CodeIgniter\CodeIgniter->run()
CRITICAL - 2023-05-27 02:09:01 --> Undefined array key "pet"
in APPPATH\Controllers\Mostrar.php on line 26.
 1 APPPATH\Controllers\Mostrar.php(26): CodeIgniter\Debug\Exceptions->errorHandler(2, 'Undefined array key "pet"', 'C:\\xampp\\htdocs\\mi_veterinaria\\app\\Controllers\\Mostrar.php', 26)
 2 SYSTEMPATH\CodeIgniter.php(934): App\Controllers\Mostrar->index()
 3 SYSTEMPATH\CodeIgniter.php(499): CodeIgniter\CodeIgniter->runController(Object(App\Controllers\Mostrar))
 4 SYSTEMPATH\CodeIgniter.php(368): CodeIgniter\CodeIgniter->handleRequest(null, Object(Config\Cache), false)
 5 FCPATH\index.php(67): CodeIgniter\CodeIgniter->run()
CRITICAL - 2023-05-27 02:09:21 --> Cannot use object of type App\Models\OwnersPetsModel as array
in APPPATH\Views\mostrar.php on line 180.
 1 SYSTEMPATH\View\View.php(213): include()
 2 SYSTEMPATH\View\View.php(216): CodeIgniter\View\View->CodeIgniter\View\{closure}()
 3 SYSTEMPATH\Common.php(1184): CodeIgniter\View\View->render('mostrar', [], true)
 4 APPPATH\Controllers\Mostrar.php(29): view('mostrar', [...])
 5 SYSTEMPATH\CodeIgniter.php(934): App\Controllers\Mostrar->index()
 6 SYSTEMPATH\CodeIgniter.php(499): CodeIgniter\CodeIgniter->runController(Object(App\Controllers\Mostrar))
 7 SYSTEMPATH\CodeIgniter.php(368): CodeIgniter\CodeIgniter->handleRequest(null, Object(Config\Cache), false)
 8 FCPATH\index.php(67): CodeIgniter\CodeIgniter->run()
CRITICAL - 2023-05-27 02:13:06 --> Undefined array key "name"
in APPPATH\Views\mostrar.php on line 180.
 1 APPPATH\Views\mostrar.php(180): CodeIgniter\Debug\Exceptions->errorHandler(2, 'Undefined array key "name"', 'C:\\xampp\\htdocs\\mi_veterinaria\\app\\Views\\mostrar.php', 180)
 2 SYSTEMPATH\View\View.php(213): include('C:\\xampp\\htdocs\\mi_veterinaria\\app\\Views\\mostrar.php')
 3 SYSTEMPATH\View\View.php(216): CodeIgniter\View\View->CodeIgniter\View\{closure}()
 4 SYSTEMPATH\Common.php(1184): CodeIgniter\View\View->render('mostrar', [], true)
 5 APPPATH\Controllers\Mostrar.php(29): view('mostrar', [...])
 6 SYSTEMPATH\CodeIgniter.php(934): App\Controllers\Mostrar->index()
 7 SYSTEMPATH\CodeIgniter.php(499): CodeIgniter\CodeIgniter->runController(Object(App\Controllers\Mostrar))
 8 SYSTEMPATH\CodeIgniter.php(368): CodeIgniter\CodeIgniter->handleRequest(null, Object(Config\Cache), false)
 9 FCPATH\index.php(67): CodeIgniter\CodeIgniter->run()
CRITICAL - 2023-05-27 02:13:17 --> Undefined array key "name"
in APPPATH\Views\mostrar.php on line 180.
 1 APPPATH\Views\mostrar.php(180): CodeIgniter\Debug\Exceptions->errorHandler(2, 'Undefined array key "name"', 'C:\\xampp\\htdocs\\mi_veterinaria\\app\\Views\\mostrar.php', 180)
 2 SYSTEMPATH\View\View.php(213): include('C:\\xampp\\htdocs\\mi_veterinaria\\app\\Views\\mostrar.php')
 3 SYSTEMPATH\View\View.php(216): CodeIgniter\View\View->CodeIgniter\View\{closure}()
 4 SYSTEMPATH\Common.php(1184): CodeIgniter\View\View->render('mostrar', [], true)
 5 APPPATH\Controllers\Mostrar.php(29): view('mostrar', [...])
 6 SYSTEMPATH\CodeIgniter.php(934): App\Controllers\Mostrar->index()
 7 SYSTEMPATH\CodeIgniter.php(499): CodeIgniter\CodeIgniter->runController(Object(App\Controllers\Mostrar))
 8 SYSTEMPATH\CodeIgniter.php(368): CodeIgniter\CodeIgniter->handleRequest(null, Object(Config\Cache), false)
 9 FCPATH\index.php(67): CodeIgniter\CodeIgniter->run()
CRITICAL - 2023-05-27 02:17:39 --> Undefined array key "name"
in APPPATH\Views\mostrar.php on line 180.
 1 APPPATH\Views\mostrar.php(180): CodeIgniter\Debug\Exceptions->errorHandler(2, 'Undefined array key "name"', 'C:\\xampp\\htdocs\\mi_veterinaria\\app\\Views\\mostrar.php', 180)
 2 SYSTEMPATH\View\View.php(213): include('C:\\xampp\\htdocs\\mi_veterinaria\\app\\Views\\mostrar.php')
 3 SYSTEMPATH\View\View.php(216): CodeIgniter\View\View->CodeIgniter\View\{closure}()
 4 SYSTEMPATH\Common.php(1184): CodeIgniter\View\View->render('mostrar', [], true)
 5 APPPATH\Controllers\Mostrar.php(29): view('mostrar', [...])
 6 SYSTEMPATH\CodeIgniter.php(934): App\Controllers\Mostrar->index()
 7 SYSTEMPATH\CodeIgniter.php(499): CodeIgniter\CodeIgniter->runController(Object(App\Controllers\Mostrar))
 8 SYSTEMPATH\CodeIgniter.php(368): CodeIgniter\CodeIgniter->handleRequest(null, Object(Config\Cache), false)
 9 FCPATH\index.php(67): CodeIgniter\CodeIgniter->run()
CRITICAL - 2023-05-27 02:19:15 --> Undefined array key "nameP"
in APPPATH\Views\mostrar.php on line 180.
 1 APPPATH\Views\mostrar.php(180): CodeIgniter\Debug\Exceptions->errorHandler(2, 'Undefined array key "nameP"', 'C:\\xampp\\htdocs\\mi_veterinaria\\app\\Views\\mostrar.php', 180)
 2 SYSTEMPATH\View\View.php(213): include('C:\\xampp\\htdocs\\mi_veterinaria\\app\\Views\\mostrar.php')
 3 SYSTEMPATH\View\View.php(216): CodeIgniter\View\View->CodeIgniter\View\{closure}()
 4 SYSTEMPATH\Common.php(1184): CodeIgniter\View\View->render('mostrar', [], true)
 5 APPPATH\Controllers\Mostrar.php(29): view('mostrar', [...])
 6 SYSTEMPATH\CodeIgniter.php(934): App\Controllers\Mostrar->index()
 7 SYSTEMPATH\CodeIgniter.php(499): CodeIgniter\CodeIgniter->runController(Object(App\Controllers\Mostrar))
 8 SYSTEMPATH\CodeIgniter.php(368): CodeIgniter\CodeIgniter->handleRequest(null, Object(Config\Cache), false)
 9 FCPATH\index.php(67): CodeIgniter\CodeIgniter->run()
CRITICAL - 2023-05-27 02:19:38 --> Undefined array key "nameP"
in APPPATH\Views\mostrar.php on line 180.
 1 APPPATH\Views\mostrar.php(180): CodeIgniter\Debug\Exceptions->errorHandler(2, 'Undefined array key "nameP"', 'C:\\xampp\\htdocs\\mi_veterinaria\\app\\Views\\mostrar.php', 180)
 2 SYSTEMPATH\View\View.php(213): include('C:\\xampp\\htdocs\\mi_veterinaria\\app\\Views\\mostrar.php')
 3 SYSTEMPATH\View\View.php(216): CodeIgniter\View\View->CodeIgniter\View\{closure}()
 4 SYSTEMPATH\Common.php(1184): CodeIgniter\View\View->render('mostrar', [], true)
 5 APPPATH\Controllers\Mostrar.php(29): view('mostrar', [...])
 6 SYSTEMPATH\CodeIgniter.php(934): App\Controllers\Mostrar->index()
 7 SYSTEMPATH\CodeIgniter.php(499): CodeIgniter\CodeIgniter->runController(Object(App\Controllers\Mostrar))
 8 SYSTEMPATH\CodeIgniter.php(368): CodeIgniter\CodeIgniter->handleRequest(null, Object(Config\Cache), false)
 9 FCPATH\index.php(67): CodeIgniter\CodeIgniter->run()
CRITICAL - 2023-05-27 02:44:37 --> Undefined variable $owner_pet
in APPPATH\Views\mostrar.php on line 233.
 1 APPPATH\Views\mostrar.php(233): CodeIgniter\Debug\Exceptions->errorHandler(2, 'Undefined variable $owner_pet', 'C:\\xampp\\htdocs\\mi_veterinaria\\app\\Views\\mostrar.php', 233)
 2 SYSTEMPATH\View\View.php(213): include('C:\\xampp\\htdocs\\mi_veterinaria\\app\\Views\\mostrar.php')
 3 SYSTEMPATH\View\View.php(216): CodeIgniter\View\View->CodeIgniter\View\{closure}()
 4 SYSTEMPATH\Common.php(1184): CodeIgniter\View\View->render('mostrar', [], true)
 5 APPPATH\Controllers\Mostrar.php(35): view('mostrar', [...])
 6 SYSTEMPATH\CodeIgniter.php(934): App\Controllers\Mostrar->index()
 7 SYSTEMPATH\CodeIgniter.php(499): CodeIgniter\CodeIgniter->runController(Object(App\Controllers\Mostrar))
 8 SYSTEMPATH\CodeIgniter.php(368): CodeIgniter\CodeIgniter->handleRequest(null, Object(Config\Cache), false)
 9 FCPATH\index.php(67): CodeIgniter\CodeIgniter->run()
CRITICAL - 2023-05-27 02:44:43 --> Undefined variable $owner_pet
in APPPATH\Views\mostrar.php on line 233.
 1 APPPATH\Views\mostrar.php(233): CodeIgniter\Debug\Exceptions->errorHandler(2, 'Undefined variable $owner_pet', 'C:\\xampp\\htdocs\\mi_veterinaria\\app\\Views\\mostrar.php', 233)
 2 SYSTEMPATH\View\View.php(213): include('C:\\xampp\\htdocs\\mi_veterinaria\\app\\Views\\mostrar.php')
 3 SYSTEMPATH\View\View.php(216): CodeIgniter\View\View->CodeIgniter\View\{closure}()
 4 SYSTEMPATH\Common.php(1184): CodeIgniter\View\View->render('mostrar', [], true)
 5 APPPATH\Controllers\Mostrar.php(35): view('mostrar', [...])
 6 SYSTEMPATH\CodeIgniter.php(934): App\Controllers\Mostrar->index()
 7 SYSTEMPATH\CodeIgniter.php(499): CodeIgniter\CodeIgniter->runController(Object(App\Controllers\Mostrar))
 8 SYSTEMPATH\CodeIgniter.php(368): CodeIgniter\CodeIgniter->handleRequest(null, Object(Config\Cache), false)
 9 FCPATH\index.php(67): CodeIgniter\CodeIgniter->run()
INFO - 2023-05-27 02:52:20 --> Session: Class initialized using 'CodeIgniter\Session\Handlers\FileHandler' driver.
INFO - 2023-05-27 02:55:16 --> Session: Class initialized using 'CodeIgniter\Session\Handlers\FileHandler' driver.
INFO - 2023-05-27 02:55:53 --> Session: Class initialized using 'CodeIgniter\Session\Handlers\FileHandler' driver.
INFO - 2023-05-27 02:55:56 --> Session: Class initialized using 'CodeIgniter\Session\Handlers\FileHandler' driver.
INFO - 2023-05-27 02:55:59 --> Session: Class initialized using 'CodeIgniter\Session\Handlers\FileHandler' driver.
CRITICAL - 2023-05-27 02:56:04 --> Undefined array key "id"
in APPPATH\Views\editar.php on line 42.
 1 APPPATH\Views\editar.php(42): CodeIgniter\Debug\Exceptions->errorHandler(2, 'Undefined array key "id"', 'C:\\xampp\\htdocs\\mi_veterinaria\\app\\Views\\editar.php', 42)
 2 SYSTEMPATH\View\View.php(213): include('C:\\xampp\\htdocs\\mi_veterinaria\\app\\Views\\editar.php')
 3 SYSTEMPATH\View\View.php(216): CodeIgniter\View\View->CodeIgniter\View\{closure}()
 4 SYSTEMPATH\Common.php(1184): CodeIgniter\View\View->render('editar', [], true)
 5 APPPATH\Controllers\Modificar.php(53): view('editar', [...])
 6 SYSTEMPATH\CodeIgniter.php(934): App\Controllers\Modificar->editar()
 7 SYSTEMPATH\CodeIgniter.php(499): CodeIgniter\CodeIgniter->runController(Object(App\Controllers\Modificar))
 8 SYSTEMPATH\CodeIgniter.php(368): CodeIgniter\CodeIgniter->handleRequest(null, Object(Config\Cache), false)
 9 FCPATH\index.php(67): CodeIgniter\CodeIgniter->run()
INFO - 2023-05-27 12:44:03 --> Session: Class initialized using 'CodeIgniter\Session\Handlers\FileHandler' driver.
INFO - 2023-05-27 12:44:14 --> Session: Class initialized using 'CodeIgniter\Session\Handlers\FileHandler' driver.
INFO - 2023-05-27 12:44:14 --> Session: Class initialized using 'CodeIgniter\Session\Handlers\FileHandler' driver.
INFO - 2023-05-27 15:44:20 --> Session: Class initialized using 'CodeIgniter\Session\Handlers\FileHandler' driver.
INFO - 2023-05-27 15:44:31 --> Session: Class initialized using 'CodeIgniter\Session\Handlers\FileHandler' driver.
INFO - 2023-05-27 15:44:39 --> Session: Class initialized using 'CodeIgniter\Session\Handlers\FileHandler' driver.
CRITICAL - 2023-05-27 15:45:18 --> Undefined global variable $_SESSION
in APPPATH\Controllers\Modificar.php on line 37.
 1 APPPATH\Controllers\Modificar.php(37): CodeIgniter\Debug\Exceptions->errorHandler(2, 'Undefined global variable $_SESSION', 'C:\\xampp\\htdocs\\mi_veterinaria\\app\\Controllers\\Modificar.php', 37)
 2 SYSTEMPATH\CodeIgniter.php(934): App\Controllers\Modificar->editar()
 3 SYSTEMPATH\CodeIgniter.php(499): CodeIgniter\CodeIgniter->runController(Object(App\Controllers\Modificar))
 4 SYSTEMPATH\CodeIgniter.php(368): CodeIgniter\CodeIgniter->handleRequest(null, Object(Config\Cache), false)
 5 FCPATH\index.php(67): CodeIgniter\CodeIgniter->run()
INFO - 2023-05-27 15:46:05 --> Session: Class initialized using 'CodeIgniter\Session\Handlers\FileHandler' driver.
INFO - 2023-05-27 15:46:08 --> Session: Class initialized using 'CodeIgniter\Session\Handlers\FileHandler' driver.
INFO - 2023-05-27 15:46:13 --> Session: Class initialized using 'CodeIgniter\Session\Handlers\FileHandler' driver.
INFO - 2023-05-27 15:46:26 --> Session: Class initialized using 'CodeIgniter\Session\Handlers\FileHandler' driver.
INFO - 2023-05-27 15:46:33 --> Session: Class initialized using 'CodeIgniter\Session\Handlers\FileHandler' driver.
INFO - 2023-05-27 15:46:35 --> Session: Class initialized using 'CodeIgniter\Session\Handlers\FileHandler' driver.
INFO - 2023-05-27 15:49:12 --> Session: Class initialized using 'CodeIgniter\Session\Handlers\FileHandler' driver.
INFO - 2023-05-27 15:53:15 --> Session: Class initialized using 'CodeIgniter\Session\Handlers\FileHandler' driver.
INFO - 2023-05-27 15:55:25 --> Session: Class initialized using 'CodeIgniter\Session\Handlers\FileHandler' driver.
CRITICAL - 2023-05-27 15:55:35 --> Undefined array key "name"
in APPPATH\Views\editar.php on line 73.
 1 APPPATH\Views\editar.php(73): CodeIgniter\Debug\Exceptions->errorHandler(2, 'Undefined array key "name"', 'C:\\xampp\\htdocs\\mi_veterinaria\\app\\Views\\editar.php', 73)
 2 SYSTEMPATH\View\View.php(213): include('C:\\xampp\\htdocs\\mi_veterinaria\\app\\Views\\editar.php')
 3 SYSTEMPATH\View\View.php(216): CodeIgniter\View\View->CodeIgniter\View\{closure}()
 4 SYSTEMPATH\Common.php(1184): CodeIgniter\View\View->render('editar', [], true)
 5 APPPATH\Controllers\Modificar.php(53): view('editar', [...])
 6 SYSTEMPATH\CodeIgniter.php(934): App\Controllers\Modificar->editar()
 7 SYSTEMPATH\CodeIgniter.php(499): CodeIgniter\CodeIgniter->runController(Object(App\Controllers\Modificar))
 8 SYSTEMPATH\CodeIgniter.php(368): CodeIgniter\CodeIgniter->handleRequest(null, Object(Config\Cache), false)
 9 FCPATH\index.php(67): CodeIgniter\CodeIgniter->run()
INFO - 2023-05-27 15:55:52 --> Session: Class initialized using 'CodeIgniter\Session\Handlers\FileHandler' driver.
INFO - 2023-05-27 15:59:41 --> Session: Class initialized using 'CodeIgniter\Session\Handlers\FileHandler' driver.
INFO - 2023-05-27 15:59:44 --> Session: Class initialized using 'CodeIgniter\Session\Handlers\FileHandler' driver.
INFO - 2023-05-27 16:00:15 --> Session: Class initialized using 'CodeIgniter\Session\Handlers\FileHandler' driver.
INFO - 2023-05-27 16:20:24 --> Session: Class initialized using 'CodeIgniter\Session\Handlers\FileHandler' driver.
INFO - 2023-05-27 16:21:02 --> Session: Class initialized using 'CodeIgniter\Session\Handlers\FileHandler' driver.
INFO - 2023-05-27 16:21:08 --> Session: Class initialized using 'CodeIgniter\Session\Handlers\FileHandler' driver.
INFO - 2023-05-27 16:21:30 --> Session: Class initialized using 'CodeIgniter\Session\Handlers\FileHandler' driver.
INFO - 2023-05-27 16:32:50 --> Session: Class initialized using 'CodeIgniter\Session\Handlers\FileHandler' driver.
INFO - 2023-05-27 16:32:52 --> Session: Class initialized using 'CodeIgniter\Session\Handlers\FileHandler' driver.
INFO - 2023-05-27 16:32:52 --> Session: Class initialized using 'CodeIgniter\Session\Handlers\FileHandler' driver.
CRITICAL - 2023-05-27 16:32:52 --> Undefined variable $value
in APPPATH\Controllers\Modificar.php on line 40.
 1 APPPATH\Controllers\Modificar.php(40): CodeIgniter\Debug\Exceptions->errorHandler(2, 'Undefined variable $value', 'C:\\xampp\\htdocs\\mi_veterinaria\\app\\Controllers\\Modificar.php', 40)
 2 SYSTEMPATH\CodeIgniter.php(934): App\Controllers\Modificar->editar()
 3 SYSTEMPATH\CodeIgniter.php(499): CodeIgniter\CodeIgniter->runController(Object(App\Controllers\Modificar))
 4 SYSTEMPATH\CodeIgniter.php(368): CodeIgniter\CodeIgniter->handleRequest(null, Object(Config\Cache), false)
 5 FCPATH\index.php(67): CodeIgniter\CodeIgniter->run()
INFO - 2023-05-27 16:33:44 --> Session: Class initialized using 'CodeIgniter\Session\Handlers\FileHandler' driver.
CRITICAL - 2023-05-27 16:33:44 --> Invalid file: "modificar.php"
in SYSTEMPATH\Exceptions\FrameworkException.php on line 33.
 1 SYSTEMPATH\View\View.php(201): CodeIgniter\Exceptions\FrameworkException::forInvalidFile('modificar.php')
 2 SYSTEMPATH\Common.php(1184): CodeIgniter\View\View->render('modificar', [], true)
 3 APPPATH\Controllers\Modificar.php(62): view('modificar')
 4 SYSTEMPATH\CodeIgniter.php(934): App\Controllers\Modificar->editar()
 5 SYSTEMPATH\CodeIgniter.php(499): CodeIgniter\CodeIgniter->runController(Object(App\Controllers\Modificar))
 6 SYSTEMPATH\CodeIgniter.php(368): CodeIgniter\CodeIgniter->handleRequest(null, Object(Config\Cache), false)
 7 FCPATH\index.php(67): CodeIgniter\CodeIgniter->run()
INFO - 2023-05-27 16:34:17 --> Session: Class initialized using 'CodeIgniter\Session\Handlers\FileHandler' driver.
INFO - 2023-05-27 16:34:35 --> Session: Class initialized using 'CodeIgniter\Session\Handlers\FileHandler' driver.
INFO - 2023-05-27 16:35:50 --> Session: Class initialized using 'CodeIgniter\Session\Handlers\FileHandler' driver.
INFO - 2023-05-27 16:35:52 --> Session: Class initialized using 'CodeIgniter\Session\Handlers\FileHandler' driver.
INFO - 2023-05-27 16:35:53 --> Session: Class initialized using 'CodeIgniter\Session\Handlers\FileHandler' driver.
INFO - 2023-05-27 16:35:58 --> Session: Class initialized using 'CodeIgniter\Session\Handlers\FileHandler' driver.
INFO - 2023-05-27 16:35:58 --> Session: Class initialized using 'CodeIgniter\Session\Handlers\FileHandler' driver.
INFO - 2023-05-27 16:36:28 --> Session: Class initialized using 'CodeIgniter\Session\Handlers\FileHandler' driver.
CRITICAL - 2023-05-27 16:36:28 --> Invalid file: "modificar.php"
in SYSTEMPATH\Exceptions\FrameworkException.php on line 33.
 1 SYSTEMPATH\View\View.php(201): CodeIgniter\Exceptions\FrameworkException::forInvalidFile('modificar.php')
 2 SYSTEMPATH\Common.php(1184): CodeIgniter\View\View->render('modificar', [], true)
 3 APPPATH\Controllers\Modificar.php(62): view('modificar')
 4 SYSTEMPATH\CodeIgniter.php(934): App\Controllers\Modificar->editar()
 5 SYSTEMPATH\CodeIgniter.php(499): CodeIgniter\CodeIgniter->runController(Object(App\Controllers\Modificar))
 6 SYSTEMPATH\CodeIgniter.php(368): CodeIgniter\CodeIgniter->handleRequest(null, Object(Config\Cache), false)
 7 FCPATH\index.php(67): CodeIgniter\CodeIgniter->run()
INFO - 2023-05-27 16:36:30 --> Session: Class initialized using 'CodeIgniter\Session\Handlers\FileHandler' driver.
CRITICAL - 2023-05-27 16:36:30 --> Invalid file: "modificar.php"
in SYSTEMPATH\Exceptions\FrameworkException.php on line 33.
 1 SYSTEMPATH\View\View.php(201): CodeIgniter\Exceptions\FrameworkException::forInvalidFile('modificar.php')
 2 SYSTEMPATH\Common.php(1184): CodeIgniter\View\View->render('modificar', [], true)
 3 APPPATH\Controllers\Modificar.php(62): view('modificar')
 4 SYSTEMPATH\CodeIgniter.php(934): App\Controllers\Modificar->editar()
 5 SYSTEMPATH\CodeIgniter.php(499): CodeIgniter\CodeIgniter->runController(Object(App\Controllers\Modificar))
 6 SYSTEMPATH\CodeIgniter.php(368): CodeIgniter\CodeIgniter->handleRequest(null, Object(Config\Cache), false)
 7 FCPATH\index.php(67): CodeIgniter\CodeIgniter->run()
INFO - 2023-05-27 16:36:36 --> Session: Class initialized using 'CodeIgniter\Session\Handlers\FileHandler' driver.
INFO - 2023-05-27 16:36:42 --> Session: Class initialized using 'CodeIgniter\Session\Handlers\FileHandler' driver.
INFO - 2023-05-27 16:36:42 --> Session: Class initialized using 'CodeIgniter\Session\Handlers\FileHandler' driver.
INFO - 2023-05-27 16:36:49 --> Session: Class initialized using 'CodeIgniter\Session\Handlers\FileHandler' driver.
INFO - 2023-05-27 16:36:49 --> Session: Class initialized using 'CodeIgniter\Session\Handlers\FileHandler' driver.
INFO - 2023-05-27 16:38:46 --> Session: Class initialized using 'CodeIgniter\Session\Handlers\FileHandler' driver.
CRITICAL - 2023-05-27 16:39:29 --> Undefined variable $message
in APPPATH\Views\modificacion.php on line 186.
 1 APPPATH\Views\modificacion.php(186): CodeIgniter\Debug\Exceptions->errorHandler(2, 'Undefined variable $message', 'C:\\xampp\\htdocs\\mi_veterinaria\\app\\Views\\modificacion.php', 186)
 2 SYSTEMPATH\View\View.php(213): include('C:\\xampp\\htdocs\\mi_veterinaria\\app\\Views\\modificacion.php')
 3 SYSTEMPATH\View\View.php(216): CodeIgniter\View\View->CodeIgniter\View\{closure}()
 4 SYSTEMPATH\Common.php(1184): CodeIgniter\View\View->render('modificacion', [], true)
 5 APPPATH\Controllers\Modificar.php(23): view('modificacion', [...])
 6 SYSTEMPATH\CodeIgniter.php(934): App\Controllers\Modificar->index()
 7 SYSTEMPATH\CodeIgniter.php(499): CodeIgniter\CodeIgniter->runController(Object(App\Controllers\Modificar))
 8 SYSTEMPATH\CodeIgniter.php(368): CodeIgniter\CodeIgniter->handleRequest(null, Object(Config\Cache), false)
 9 FCPATH\index.php(67): CodeIgniter\CodeIgniter->run()
CRITICAL - 2023-05-27 16:40:25 --> Undefined variable $message
in APPPATH\Views\modificacion.php on line 186.
 1 APPPATH\Views\modificacion.php(186): CodeIgniter\Debug\Exceptions->errorHandler(2, 'Undefined variable $message', 'C:\\xampp\\htdocs\\mi_veterinaria\\app\\Views\\modificacion.php', 186)
 2 SYSTEMPATH\View\View.php(213): include('C:\\xampp\\htdocs\\mi_veterinaria\\app\\Views\\modificacion.php')
 3 SYSTEMPATH\View\View.php(216): CodeIgniter\View\View->CodeIgniter\View\{closure}()
 4 SYSTEMPATH\Common.php(1184): CodeIgniter\View\View->render('modificacion', [], true)
 5 APPPATH\Controllers\Modificar.php(23): view('modificacion', [...])
 6 SYSTEMPATH\CodeIgniter.php(934): App\Controllers\Modificar->index()
 7 SYSTEMPATH\CodeIgniter.php(499): CodeIgniter\CodeIgniter->runController(Object(App\Controllers\Modificar))
 8 SYSTEMPATH\CodeIgniter.php(368): CodeIgniter\CodeIgniter->handleRequest(null, Object(Config\Cache), false)
 9 FCPATH\index.php(67): CodeIgniter\CodeIgniter->run()
INFO - 2023-05-27 16:41:10 --> Session: Class initialized using 'CodeIgniter\Session\Handlers\FileHandler' driver.
INFO - 2023-05-27 16:41:15 --> Session: Class initialized using 'CodeIgniter\Session\Handlers\FileHandler' driver.
INFO - 2023-05-27 16:41:20 --> Session: Class initialized using 'CodeIgniter\Session\Handlers\FileHandler' driver.
INFO - 2023-05-27 16:41:20 --> Session: Class initialized using 'CodeIgniter\Session\Handlers\FileHandler' driver.
INFO - 2023-05-27 16:41:26 --> Session: Class initialized using 'CodeIgniter\Session\Handlers\FileHandler' driver.
INFO - 2023-05-27 16:41:38 --> Session: Class initialized using 'CodeIgniter\Session\Handlers\FileHandler' driver.
INFO - 2023-05-27 16:41:38 --> Session: Class initialized using 'CodeIgniter\Session\Handlers\FileHandler' driver.
INFO - 2023-05-27 16:41:42 --> Session: Class initialized using 'CodeIgniter\Session\Handlers\FileHandler' driver.
INFO - 2023-05-27 16:41:44 --> Session: Class initialized using 'CodeIgniter\Session\Handlers\FileHandler' driver.
INFO - 2023-05-27 16:41:45 --> Session: Class initialized using 'CodeIgniter\Session\Handlers\FileHandler' driver.
INFO - 2023-05-27 16:41:50 --> Session: Class initialized using 'CodeIgniter\Session\Handlers\FileHandler' driver.
INFO - 2023-05-27 16:41:50 --> Session: Class initialized using 'CodeIgniter\Session\Handlers\FileHandler' driver.
INFO - 2023-05-27 16:42:27 --> Session: Class initialized using 'CodeIgniter\Session\Handlers\FileHandler' driver.
CRITICAL - 2023-05-27 16:42:29 --> Undefined array key "id"
in APPPATH\Views\editar.php on line 42.
 1 APPPATH\Views\editar.php(42): CodeIgniter\Debug\Exceptions->errorHandler(2, 'Undefined array key "id"', 'C:\\xampp\\htdocs\\mi_veterinaria\\app\\Views\\editar.php', 42)
 2 SYSTEMPATH\View\View.php(213): include('C:\\xampp\\htdocs\\mi_veterinaria\\app\\Views\\editar.php')
 3 SYSTEMPATH\View\View.php(216): CodeIgniter\View\View->CodeIgniter\View\{closure}()
 4 SYSTEMPATH\Common.php(1184): CodeIgniter\View\View->render('editar', [], true)
 5 APPPATH\Controllers\Modificar.php(61): view('editar', [...])
 6 SYSTEMPATH\CodeIgniter.php(934): App\Controllers\Modificar->editar()
 7 SYSTEMPATH\CodeIgniter.php(499): CodeIgniter\CodeIgniter->runController(Object(App\Controllers\Modificar))
 8 SYSTEMPATH\CodeIgniter.php(368): CodeIgniter\CodeIgniter->handleRequest(null, Object(Config\Cache), false)
 9 FCPATH\index.php(67): CodeIgniter\CodeIgniter->run()
INFO - 2023-05-27 16:43:05 --> Session: Class initialized using 'CodeIgniter\Session\Handlers\FileHandler' driver.
CRITICAL - 2023-05-27 16:43:05 --> Undefined array key "id"
in APPPATH\Views\editar.php on line 42.
 1 APPPATH\Views\editar.php(42): CodeIgniter\Debug\Exceptions->errorHandler(2, 'Undefined array key "id"', 'C:\\xampp\\htdocs\\mi_veterinaria\\app\\Views\\editar.php', 42)
 2 SYSTEMPATH\View\View.php(213): include('C:\\xampp\\htdocs\\mi_veterinaria\\app\\Views\\editar.php')
 3 SYSTEMPATH\View\View.php(216): CodeIgniter\View\View->CodeIgniter\View\{closure}()
 4 SYSTEMPATH\Common.php(1184): CodeIgniter\View\View->render('editar', [], true)
 5 APPPATH\Controllers\Modificar.php(62): view('editar', [...])
 6 SYSTEMPATH\CodeIgniter.php(934): App\Controllers\Modificar->editar()
 7 SYSTEMPATH\CodeIgniter.php(499): CodeIgniter\CodeIgniter->runController(Object(App\Controllers\Modificar))
 8 SYSTEMPATH\CodeIgniter.php(368): CodeIgniter\CodeIgniter->handleRequest(null, Object(Config\Cache), false)
 9 FCPATH\index.php(67): CodeIgniter\CodeIgniter->run()
CRITICAL - 2023-05-27 16:44:04 --> Undefined array key "id"
in APPPATH\Views\editar.php on line 42.
 1 APPPATH\Views\editar.php(42): CodeIgniter\Debug\Exceptions->errorHandler(2, 'Undefined array key "id"', 'C:\\xampp\\htdocs\\mi_veterinaria\\app\\Views\\editar.php', 42)
 2 SYSTEMPATH\View\View.php(213): include('C:\\xampp\\htdocs\\mi_veterinaria\\app\\Views\\editar.php')
 3 SYSTEMPATH\View\View.php(216): CodeIgniter\View\View->CodeIgniter\View\{closure}()
 4 SYSTEMPATH\Common.php(1184): CodeIgniter\View\View->render('editar', [], true)
 5 APPPATH\Controllers\Modificar.php(62): view('editar', [...])
 6 SYSTEMPATH\CodeIgniter.php(934): App\Controllers\Modificar->editar()
 7 SYSTEMPATH\CodeIgniter.php(499): CodeIgniter\CodeIgniter->runController(Object(App\Controllers\Modificar))
 8 SYSTEMPATH\CodeIgniter.php(368): CodeIgniter\CodeIgniter->handleRequest(null, Object(Config\Cache), false)
 9 FCPATH\index.php(67): CodeIgniter\CodeIgniter->run()
INFO - 2023-05-27 16:44:56 --> Session: Class initialized using 'CodeIgniter\Session\Handlers\FileHandler' driver.
INFO - 2023-05-27 16:44:58 --> Session: Class initialized using 'CodeIgniter\Session\Handlers\FileHandler' driver.
INFO - 2023-05-27 16:44:59 --> Session: Class initialized using 'CodeIgniter\Session\Handlers\FileHandler' driver.
CRITICAL - 2023-05-27 16:44:59 --> Invalid file: "modificar.php"
in SYSTEMPATH\Exceptions\FrameworkException.php on line 33.
 1 SYSTEMPATH\View\View.php(201): CodeIgniter\Exceptions\FrameworkException::forInvalidFile('modificar.php')
 2 SYSTEMPATH\Common.php(1184): CodeIgniter\View\View->render('modificar', [], true)
 3 APPPATH\Controllers\Modificar.php(64): view('modificar')
 4 SYSTEMPATH\CodeIgniter.php(934): App\Controllers\Modificar->editar()
 5 SYSTEMPATH\CodeIgniter.php(499): CodeIgniter\CodeIgniter->runController(Object(App\Controllers\Modificar))
 6 SYSTEMPATH\CodeIgniter.php(368): CodeIgniter\CodeIgniter->handleRequest(null, Object(Config\Cache), false)
 7 FCPATH\index.php(67): CodeIgniter\CodeIgniter->run()
INFO - 2023-05-27 16:45:13 --> Session: Class initialized using 'CodeIgniter\Session\Handlers\FileHandler' driver.
INFO - 2023-05-27 16:45:15 --> Session: Class initialized using 'CodeIgniter\Session\Handlers\FileHandler' driver.
CRITICAL - 2023-05-27 16:45:15 --> Undefined variable $owners
in APPPATH\Views\modificacion.php on line 58.
 1 APPPATH\Views\modificacion.php(58): CodeIgniter\Debug\Exceptions->errorHandler(2, 'Undefined variable $owners', 'C:\\xampp\\htdocs\\mi_veterinaria\\app\\Views\\modificacion.php', 58)
 2 SYSTEMPATH\View\View.php(213): include('C:\\xampp\\htdocs\\mi_veterinaria\\app\\Views\\modificacion.php')
 3 SYSTEMPATH\View\View.php(216): CodeIgniter\View\View->CodeIgniter\View\{closure}()
 4 SYSTEMPATH\Common.php(1184): CodeIgniter\View\View->render('modificacion', [], true)
 5 APPPATH\Controllers\Modificar.php(64): view('modificacion')
 6 SYSTEMPATH\CodeIgniter.php(934): App\Controllers\Modificar->editar()
 7 SYSTEMPATH\CodeIgniter.php(499): CodeIgniter\CodeIgniter->runController(Object(App\Controllers\Modificar))
 8 SYSTEMPATH\CodeIgniter.php(368): CodeIgniter\CodeIgniter->handleRequest(null, Object(Config\Cache), false)
 9 FCPATH\index.php(67): CodeIgniter\CodeIgniter->run()
INFO - 2023-05-27 16:46:16 --> Session: Class initialized using 'CodeIgniter\Session\Handlers\FileHandler' driver.
INFO - 2023-05-27 16:46:17 --> Session: Class initialized using 'CodeIgniter\Session\Handlers\FileHandler' driver.
INFO - 2023-05-27 16:46:19 --> Session: Class initialized using 'CodeIgniter\Session\Handlers\FileHandler' driver.
INFO - 2023-05-27 16:46:23 --> Session: Class initialized using 'CodeIgniter\Session\Handlers\FileHandler' driver.
INFO - 2023-05-27 18:40:16 --> Session: Class initialized using 'CodeIgniter\Session\Handlers\FileHandler' driver.
INFO - 2023-05-27 18:40:18 --> Session: Class initialized using 'CodeIgniter\Session\Handlers\FileHandler' driver.
INFO - 2023-05-27 15:40:22 --> Session: Class initialized using 'CodeIgniter\Session\Handlers\FileHandler' driver.
INFO - 2023-05-27 15:40:41 --> Session: Class initialized using 'CodeIgniter\Session\Handlers\FileHandler' driver.
INFO - 2023-05-27 15:40:41 --> Session: Class initialized using 'CodeIgniter\Session\Handlers\FileHandler' driver.
INFO - 2023-05-27 18:40:44 --> Session: Class initialized using 'CodeIgniter\Session\Handlers\FileHandler' driver.
INFO - 2023-05-27 18:40:56 --> Session: Class initialized using 'CodeIgniter\Session\Handlers\FileHandler' driver.
INFO - 2023-05-27 18:42:32 --> Session: Class initialized using 'CodeIgniter\Session\Handlers\FileHandler' driver.
INFO - 2023-05-27 18:43:39 --> Session: Class initialized using 'CodeIgniter\Session\Handlers\FileHandler' driver.
INFO - 2023-05-27 18:43:43 --> Session: Class initialized using 'CodeIgniter\Session\Handlers\FileHandler' driver.
INFO - 2023-05-27 18:43:43 --> Session: Class initialized using 'CodeIgniter\Session\Handlers\FileHandler' driver.
INFO - 2023-05-27 18:43:48 --> Session: Class initialized using 'CodeIgniter\Session\Handlers\FileHandler' driver.
INFO - 2023-05-27 18:45:17 --> Session: Class initialized using 'CodeIgniter\Session\Handlers\FileHandler' driver.
INFO - 2023-05-27 18:45:20 --> Session: Class initialized using 'CodeIgniter\Session\Handlers\FileHandler' driver.
INFO - 2023-05-27 18:45:24 --> Session: Class initialized using 'CodeIgniter\Session\Handlers\FileHandler' driver.
INFO - 2023-05-27 18:45:24 --> Session: Class initialized using 'CodeIgniter\Session\Handlers\FileHandler' driver.
INFO - 2023-05-27 18:45:27 --> Session: Class initialized using 'CodeIgniter\Session\Handlers\FileHandler' driver.
INFO - 2023-05-27 18:45:27 --> Session: Class initialized using 'CodeIgniter\Session\Handlers\FileHandler' driver.
INFO - 2023-05-27 18:45:35 --> Session: Class initialized using 'CodeIgniter\Session\Handlers\FileHandler' driver.
INFO - 2023-05-27 18:45:36 --> Session: Class initialized using 'CodeIgniter\Session\Handlers\FileHandler' driver.
INFO - 2023-05-27 18:45:48 --> Session: Class initialized using 'CodeIgniter\Session\Handlers\FileHandler' driver.
INFO - 2023-05-27 18:45:50 --> Session: Class initialized using 'CodeIgniter\Session\Handlers\FileHandler' driver.
INFO - 2023-05-27 18:45:50 --> Session: Class initialized using 'CodeIgniter\Session\Handlers\FileHandler' driver.
INFO - 2023-05-27 18:45:59 --> Session: Class initialized using 'CodeIgniter\Session\Handlers\FileHandler' driver.
INFO - 2023-05-27 18:45:59 --> Session: Class initialized using 'CodeIgniter\Session\Handlers\FileHandler' driver.
INFO - 2023-05-27 18:46:16 --> Session: Class initialized using 'CodeIgniter\Session\Handlers\FileHandler' driver.
INFO - 2023-05-27 18:46:19 --> Session: Class initialized using 'CodeIgniter\Session\Handlers\FileHandler' driver.
INFO - 2023-05-27 18:46:25 --> Session: Class initialized using 'CodeIgniter\Session\Handlers\FileHandler' driver.
INFO - 2023-05-27 18:46:25 --> Session: Class initialized using 'CodeIgniter\Session\Handlers\FileHandler' driver.
INFO - 2023-05-27 18:46:29 --> Session: Class initialized using 'CodeIgniter\Session\Handlers\FileHandler' driver.
INFO - 2023-05-27 18:46:32 --> Session: Class initialized using 'CodeIgniter\Session\Handlers\FileHandler' driver.
INFO - 2023-05-27 18:46:32 --> Session: Class initialized using 'CodeIgniter\Session\Handlers\FileHandler' driver.
INFO - 2023-05-27 18:46:39 --> Session: Class initialized using 'CodeIgniter\Session\Handlers\FileHandler' driver.
INFO - 2023-05-27 18:46:39 --> Session: Class initialized using 'CodeIgniter\Session\Handlers\FileHandler' driver.
INFO - 2023-05-27 18:51:58 --> Session: Class initialized using 'CodeIgniter\Session\Handlers\FileHandler' driver.
INFO - 2023-05-27 15:52:04 --> Session: Class initialized using 'CodeIgniter\Session\Handlers\FileHandler' driver.
INFO - 2023-05-27 15:52:25 --> Session: Class initialized using 'CodeIgniter\Session\Handlers\FileHandler' driver.
INFO - 2023-05-27 15:52:26 --> Session: Class initialized using 'CodeIgniter\Session\Handlers\FileHandler' driver.
INFO - 2023-05-27 15:52:30 --> Session: Class initialized using 'CodeIgniter\Session\Handlers\FileHandler' driver.
INFO - 2023-05-27 15:52:30 --> Session: Class initialized using 'CodeIgniter\Session\Handlers\FileHandler' driver.
INFO - 2023-05-27 18:52:32 --> Session: Class initialized using 'CodeIgniter\Session\Handlers\FileHandler' driver.
INFO - 2023-05-27 18:52:36 --> Session: Class initialized using 'CodeIgniter\Session\Handlers\FileHandler' driver.
INFO - 2023-05-27 18:53:06 --> Session: Class initialized using 'CodeIgniter\Session\Handlers\FileHandler' driver.
INFO - 2023-05-27 18:53:08 --> Session: Class initialized using 'CodeIgniter\Session\Handlers\FileHandler' driver.
INFO - 2023-05-27 18:53:12 --> Session: Class initialized using 'CodeIgniter\Session\Handlers\FileHandler' driver.
INFO - 2023-05-27 18:53:12 --> Session: Class initialized using 'CodeIgniter\Session\Handlers\FileHandler' driver.
INFO - 2023-05-27 18:53:48 --> Session: Class initialized using 'CodeIgniter\Session\Handlers\FileHandler' driver.
INFO - 2023-05-27 18:53:48 --> Session: Class initialized using 'CodeIgniter\Session\Handlers\FileHandler' driver.
INFO - 2023-05-27 18:54:36 --> Session: Class initialized using 'CodeIgniter\Session\Handlers\FileHandler' driver.
INFO - 2023-05-27 18:54:39 --> Session: Class initialized using 'CodeIgniter\Session\Handlers\FileHandler' driver.
INFO - 2023-05-27 18:54:45 --> Session: Class initialized using 'CodeIgniter\Session\Handlers\FileHandler' driver.
INFO - 2023-05-27 18:54:45 --> Session: Class initialized using 'CodeIgniter\Session\Handlers\FileHandler' driver.
INFO - 2023-05-27 18:54:49 --> Session: Class initialized using 'CodeIgniter\Session\Handlers\FileHandler' driver.
INFO - 2023-05-27 18:54:49 --> Session: Class initialized using 'CodeIgniter\Session\Handlers\FileHandler' driver.
INFO - 2023-05-27 18:54:56 --> Session: Class initialized using 'CodeIgniter\Session\Handlers\FileHandler' driver.
INFO - 2023-05-27 18:54:56 --> Session: Class initialized using 'CodeIgniter\Session\Handlers\FileHandler' driver.
INFO - 2023-05-27 19:04:03 --> Session: Class initialized using 'CodeIgniter\Session\Handlers\FileHandler' driver.
INFO - 2023-05-27 19:04:13 --> Session: Class initialized using 'CodeIgniter\Session\Handlers\FileHandler' driver.
INFO - 2023-05-27 19:04:14 --> Session: Class initialized using 'CodeIgniter\Session\Handlers\FileHandler' driver.
INFO - 2023-05-27 19:04:30 --> Session: Class initialized using 'CodeIgniter\Session\Handlers\FileHandler' driver.
INFO - 2023-05-27 19:04:38 --> Session: Class initialized using 'CodeIgniter\Session\Handlers\FileHandler' driver.
INFO - 2023-05-27 19:04:38 --> Session: Class initialized using 'CodeIgniter\Session\Handlers\FileHandler' driver.
INFO - 2023-05-27 19:04:43 --> Session: Class initialized using 'CodeIgniter\Session\Handlers\FileHandler' driver.
INFO - 2023-05-27 19:04:44 --> Session: Class initialized using 'CodeIgniter\Session\Handlers\FileHandler' driver.
INFO - 2023-05-27 19:04:47 --> Session: Class initialized using 'CodeIgniter\Session\Handlers\FileHandler' driver.
INFO - 2023-05-27 19:04:47 --> Session: Class initialized using 'CodeIgniter\Session\Handlers\FileHandler' driver.
INFO - 2023-05-27 19:05:00 --> Session: Class initialized using 'CodeIgniter\Session\Handlers\FileHandler' driver.
INFO - 2023-05-27 19:05:00 --> Session: Class initialized using 'CodeIgniter\Session\Handlers\FileHandler' driver.
INFO - 2023-05-27 19:05:06 --> Session: Class initialized using 'CodeIgniter\Session\Handlers\FileHandler' driver.
INFO - 2023-05-27 19:05:06 --> Session: Class initialized using 'CodeIgniter\Session\Handlers\FileHandler' driver.
INFO - 2023-05-27 22:05:22 --> Session: Class initialized using 'CodeIgniter\Session\Handlers\FileHandler' driver.
INFO - 2023-05-27 22:05:27 --> Session: Class initialized using 'CodeIgniter\Session\Handlers\FileHandler' driver.
INFO - 2023-05-27 22:05:31 --> Session: Class initialized using 'CodeIgniter\Session\Handlers\FileHandler' driver.
INFO - 2023-05-27 22:05:31 --> Session: Class initialized using 'CodeIgniter\Session\Handlers\FileHandler' driver.
INFO - 2023-05-27 19:05:34 --> Session: Class initialized using 'CodeIgniter\Session\Handlers\FileHandler' driver.
INFO - 2023-05-27 19:05:38 --> Session: Class initialized using 'CodeIgniter\Session\Handlers\FileHandler' driver.
INFO - 2023-05-27 19:05:38 --> Session: Class initialized using 'CodeIgniter\Session\Handlers\FileHandler' driver.
INFO - 2023-05-27 22:06:09 --> Session: Class initialized using 'CodeIgniter\Session\Handlers\FileHandler' driver.
INFO - 2023-05-27 22:06:12 --> Session: Class initialized using 'CodeIgniter\Session\Handlers\FileHandler' driver.
INFO - 2023-05-27 22:06:14 --> Session: Class initialized using 'CodeIgniter\Session\Handlers\FileHandler' driver.
INFO - 2023-05-27 22:06:14 --> Session: Class initialized using 'CodeIgniter\Session\Handlers\FileHandler' driver.
INFO - 2023-05-27 22:06:18 --> Session: Class initialized using 'CodeIgniter\Session\Handlers\FileHandler' driver.
INFO - 2023-05-27 22:06:18 --> Session: Class initialized using 'CodeIgniter\Session\Handlers\FileHandler' driver.
INFO - 2023-05-27 22:14:15 --> Session: Class initialized using 'CodeIgniter\Session\Handlers\FileHandler' driver.
ERROR - 2023-05-27 22:17:40 --> mysqli_sql_exception: Table 'topicos.veterinarian' doesn't exist in C:\xampp\htdocs\mi_veterinaria\system\Database\MySQLi\Connection.php:295
Stack trace:
#0 C:\xampp\htdocs\mi_veterinaria\system\Database\MySQLi\Connection.php(295): mysqli->query('SELECT `vp`.`id...', 0)
#1 C:\xampp\htdocs\mi_veterinaria\system\Database\BaseConnection.php(692): CodeIgniter\Database\MySQLi\Connection->execute('SELECT `vp`.`id...')
#2 C:\xampp\htdocs\mi_veterinaria\system\Database\BaseConnection.php(606): CodeIgniter\Database\BaseConnection->simpleQuery('SELECT `vp`.`id...')
#3 C:\xampp\htdocs\mi_veterinaria\system\Database\BaseBuilder.php(1616): CodeIgniter\Database\BaseConnection->query('SELECT `vp`.`id...', Array, false)
#4 C:\xampp\htdocs\mi_veterinaria\app\Models\VeterinariansPetsModel.php(24): CodeIgniter\Database\BaseBuilder->get()
#5 C:\xampp\htdocs\mi_veterinaria\app\Controllers\Mostrar.php(65): App\Models\VeterinariansPetsModel->join_veterinarian_pet('veterinarian_id...')
#6 C:\xampp\htdocs\mi_veterinaria\app\Controllers\Mostrar.php(39): App\Controllers\Mostrar->searchVeterinarian('9')
#7 C:\xampp\htdocs\mi_veterinaria\system\CodeIgniter.php(934): App\Controllers\Mostrar->index()
#8 C:\xampp\htdocs\mi_veterinaria\system\CodeIgniter.php(499): CodeIgniter\CodeIgniter->runController(Object(App\Controllers\Mostrar))
#9 C:\xampp\htdocs\mi_veterinaria\system\CodeIgniter.php(368): CodeIgniter\CodeIgniter->handleRequest(NULL, Object(Config\Cache), false)
#10 C:\xampp\htdocs\mi_veterinaria\public\index.php(67): CodeIgniter\CodeIgniter->run()
#11 {main}
CRITICAL - 2023-05-27 22:17:40 --> Table 'topicos.veterinarian' doesn't exist
in SYSTEMPATH\Database\MySQLi\Connection.php on line 295.
 1 SYSTEMPATH\Database\MySQLi\Connection.php(295): mysqli->query('SELECT `vp`.`id`, `v`.`name` as `nameV`, `v`.`surname`, `p`.`name` as `nameP`, `p`.`race`, `vp`.*
FROM `veterinarians_pets` `vp`
JOIN `veterinarian` `v` ON `v`.`id`=`vp`.`veterinarian_id`
JOIN `pets` `p` ON `p`.`id`=`vp`.`pet_id`
WHERE `veterinarian_id` = 9', 0)
 2 SYSTEMPATH\Database\BaseConnection.php(692): CodeIgniter\Database\MySQLi\Connection->execute('SELECT `vp`.`id`, `v`.`name` as `nameV`, `v`.`surname`, `p`.`name` as `nameP`, `p`.`race`, `vp`.*
FROM `veterinarians_pets` `vp`
JOIN `veterinarian` `v` ON `v`.`id`=`vp`.`veterinarian_id`
JOIN `pets` `p` ON `p`.`id`=`vp`.`pet_id`
WHERE `veterinarian_id` = 9')
 3 SYSTEMPATH\Database\BaseConnection.php(606): CodeIgniter\Database\BaseConnection->simpleQuery('SELECT `vp`.`id`, `v`.`name` as `nameV`, `v`.`surname`, `p`.`name` as `nameP`, `p`.`race`, `vp`.*
FROM `veterinarians_pets` `vp`
JOIN `veterinarian` `v` ON `v`.`id`=`vp`.`veterinarian_id`
JOIN `pets` `p` ON `p`.`id`=`vp`.`pet_id`
WHERE `veterinarian_id` = 9')
 4 SYSTEMPATH\Database\BaseBuilder.php(1616): CodeIgniter\Database\BaseConnection->query('SELECT `vp`.`id`, `v`.`name` as `nameV`, `v`.`surname`, `p`.`name` as `nameP`, `p`.`race`, `vp`.*
FROM `veterinarians_pets` `vp`
JOIN `veterinarian` `v` ON `v`.`id`=`vp`.`veterinarian_id`
JOIN `pets` `p` ON `p`.`id`=`vp`.`pet_id`
WHERE `veterinarian_id` = 9', [], false)
 5 APPPATH\Models\VeterinariansPetsModel.php(24): CodeIgniter\Database\BaseBuilder->get()
 6 APPPATH\Controllers\Mostrar.php(65): App\Models\VeterinariansPetsModel->join_veterinarian_pet('veterinarian_id=9')
 7 APPPATH\Controllers\Mostrar.php(39): App\Controllers\Mostrar->searchVeterinarian('9')
 8 SYSTEMPATH\CodeIgniter.php(934): App\Controllers\Mostrar->index()
 9 SYSTEMPATH\CodeIgniter.php(499): CodeIgniter\CodeIgniter->runController(Object(App\Controllers\Mostrar))
10 SYSTEMPATH\CodeIgniter.php(368): CodeIgniter\CodeIgniter->handleRequest(null, Object(Config\Cache), false)
11 FCPATH\index.php(67): CodeIgniter\CodeIgniter->run()
CRITICAL - 2023-05-27 22:18:07 --> Undefined array key "speciality"
in APPPATH\Views\mostrar.php on line 293.
 1 APPPATH\Views\mostrar.php(293): CodeIgniter\Debug\Exceptions->errorHandler(2, 'Undefined array key "speciality"', 'C:\\xampp\\htdocs\\mi_veterinaria\\app\\Views\\mostrar.php', 293)
 2 SYSTEMPATH\View\View.php(213): include('C:\\xampp\\htdocs\\mi_veterinaria\\app\\Views\\mostrar.php')
 3 SYSTEMPATH\View\View.php(216): CodeIgniter\View\View->CodeIgniter\View\{closure}()
 4 SYSTEMPATH\Common.php(1184): CodeIgniter\View\View->render('mostrar', [], true)
 5 APPPATH\Controllers\Mostrar.php(43): view('mostrar', [...])
 6 SYSTEMPATH\CodeIgniter.php(934): App\Controllers\Mostrar->index()
 7 SYSTEMPATH\CodeIgniter.php(499): CodeIgniter\CodeIgniter->runController(Object(App\Controllers\Mostrar))
 8 SYSTEMPATH\CodeIgniter.php(368): CodeIgniter\CodeIgniter->handleRequest(null, Object(Config\Cache), false)
 9 FCPATH\index.php(67): CodeIgniter\CodeIgniter->run()
CRITICAL - 2023-05-27 22:18:35 --> Undefined array key "date_consultation"
in APPPATH\Views\mostrar.php on line 296.
 1 APPPATH\Views\mostrar.php(296): CodeIgniter\Debug\Exceptions->errorHandler(2, 'Undefined array key "date_consultation"', 'C:\\xampp\\htdocs\\mi_veterinaria\\app\\Views\\mostrar.php', 296)
 2 SYSTEMPATH\View\View.php(213): include('C:\\xampp\\htdocs\\mi_veterinaria\\app\\Views\\mostrar.php')
 3 SYSTEMPATH\View\View.php(216): CodeIgniter\View\View->CodeIgniter\View\{closure}()
 4 SYSTEMPATH\Common.php(1184): CodeIgniter\View\View->render('mostrar', [], true)
 5 APPPATH\Controllers\Mostrar.php(43): view('mostrar', [...])
 6 SYSTEMPATH\CodeIgniter.php(934): App\Controllers\Mostrar->index()
 7 SYSTEMPATH\CodeIgniter.php(499): CodeIgniter\CodeIgniter->runController(Object(App\Controllers\Mostrar))
 8 SYSTEMPATH\CodeIgniter.php(368): CodeIgniter\CodeIgniter->handleRequest(null, Object(Config\Cache), false)
 9 FCPATH\index.php(67): CodeIgniter\CodeIgniter->run()
INFO - 2023-05-27 22:19:48 --> Session: Class initialized using 'CodeIgniter\Session\Handlers\FileHandler' driver.
INFO - 2023-05-27 19:19:49 --> Session: Class initialized using 'CodeIgniter\Session\Handlers\FileHandler' driver.
INFO - 2023-05-27 22:19:50 --> Session: Class initialized using 'CodeIgniter\Session\Handlers\FileHandler' driver.
INFO - 2023-05-27 22:35:18 --> Session: Class initialized using 'CodeIgniter\Session\Handlers\FileHandler' driver.
INFO - 2023-05-27 19:36:03 --> Session: Class initialized using 'CodeIgniter\Session\Handlers\FileHandler' driver.
INFO - 2023-05-27 22:36:04 --> Session: Class initialized using 'CodeIgniter\Session\Handlers\FileHandler' driver.
INFO - 2023-05-27 22:36:05 --> Session: Class initialized using 'CodeIgniter\Session\Handlers\FileHandler' driver.
INFO - 2023-05-27 19:36:07 --> Session: Class initialized using 'CodeIgniter\Session\Handlers\FileHandler' driver.
INFO - 2023-05-27 19:36:19 --> Session: Class initialized using 'CodeIgniter\Session\Handlers\FileHandler' driver.
INFO - 2023-05-27 19:37:02 --> Session: Class initialized using 'CodeIgniter\Session\Handlers\FileHandler' driver.
INFO - 2023-05-27 19:40:04 --> Session: Class initialized using 'CodeIgniter\Session\Handlers\FileHandler' driver.
INFO - 2023-05-27 19:44:27 --> Session: Class initialized using 'CodeIgniter\Session\Handlers\FileHandler' driver.
INFO - 2023-05-27 22:45:10 --> Session: Class initialized using 'CodeIgniter\Session\Handlers\FileHandler' driver.
INFO - 2023-05-27 22:45:21 --> Session: Class initialized using 'CodeIgniter\Session\Handlers\FileHandler' driver.
INFO - 2023-05-27 22:45:24 --> Session: Class initialized using 'CodeIgniter\Session\Handlers\FileHandler' driver.
INFO - 2023-05-27 22:45:26 --> Session: Class initialized using 'CodeIgniter\Session\Handlers\FileHandler' driver.
INFO - 2023-05-27 22:45:29 --> Session: Class initialized using 'CodeIgniter\Session\Handlers\FileHandler' driver.
INFO - 2023-05-27 22:45:34 --> Session: Class initialized using 'CodeIgniter\Session\Handlers\FileHandler' driver.
INFO - 2023-05-27 20:00:14 --> Session: Class initialized using 'CodeIgniter\Session\Handlers\FileHandler' driver.
INFO - 2023-05-27 20:02:16 --> Session: Class initialized using 'CodeIgniter\Session\Handlers\FileHandler' driver.
INFO - 2023-05-27 20:02:22 --> Session: Class initialized using 'CodeIgniter\Session\Handlers\FileHandler' driver.
INFO - 2023-05-27 20:06:03 --> Session: Class initialized using 'CodeIgniter\Session\Handlers\FileHandler' driver.
INFO - 2023-05-27 20:06:10 --> Session: Class initialized using 'CodeIgniter\Session\Handlers\FileHandler' driver.
INFO - 2023-05-27 20:06:48 --> Session: Class initialized using 'CodeIgniter\Session\Handlers\FileHandler' driver.
INFO - 2023-05-27 23:13:55 --> Session: Class initialized using 'CodeIgniter\Session\Handlers\FileHandler' driver.
CRITICAL - 2023-05-27 23:13:55 --> Undefined variable $cabecera
in APPPATH\Views\baja.php on line 1.
 1 APPPATH\Views\baja.php(1): CodeIgniter\Debug\Exceptions->errorHandler(2, 'Undefined variable $cabecera', 'C:\\xampp\\htdocs\\mi_veterinaria\\app\\Views\\baja.php', 1)
 2 SYSTEMPATH\View\View.php(213): include('C:\\xampp\\htdocs\\mi_veterinaria\\app\\Views\\baja.php')
 3 SYSTEMPATH\View\View.php(216): CodeIgniter\View\View->CodeIgniter\View\{closure}()
 4 SYSTEMPATH\Common.php(1184): CodeIgniter\View\View->render('baja', [], true)
 5 APPPATH\Controllers\Baja.php(29): view('baja', [...])
 6 SYSTEMPATH\CodeIgniter.php(934): App\Controllers\Baja->index()
 7 SYSTEMPATH\CodeIgniter.php(499): CodeIgniter\CodeIgniter->runController(Object(App\Controllers\Baja))
 8 SYSTEMPATH\CodeIgniter.php(368): CodeIgniter\CodeIgniter->handleRequest(null, Object(Config\Cache), false)
 9 FCPATH\index.php(67): CodeIgniter\CodeIgniter->run()
INFO - 2023-05-27 23:14:12 --> Session: Class initialized using 'CodeIgniter\Session\Handlers\FileHandler' driver.
CRITICAL - 2023-05-27 23:14:12 --> Undefined variable $cabecera
in APPPATH\Views\baja.php on line 1.
 1 APPPATH\Views\baja.php(1): CodeIgniter\Debug\Exceptions->errorHandler(2, 'Undefined variable $cabecera', 'C:\\xampp\\htdocs\\mi_veterinaria\\app\\Views\\baja.php', 1)
 2 SYSTEMPATH\View\View.php(213): include('C:\\xampp\\htdocs\\mi_veterinaria\\app\\Views\\baja.php')
 3 SYSTEMPATH\View\View.php(216): CodeIgniter\View\View->CodeIgniter\View\{closure}()
 4 SYSTEMPATH\Common.php(1184): CodeIgniter\View\View->render('baja', [], true)
 5 APPPATH\Controllers\Baja.php(29): view('baja', [...])
 6 SYSTEMPATH\CodeIgniter.php(934): App\Controllers\Baja->index()
 7 SYSTEMPATH\CodeIgniter.php(499): CodeIgniter\CodeIgniter->runController(Object(App\Controllers\Baja))
 8 SYSTEMPATH\CodeIgniter.php(368): CodeIgniter\CodeIgniter->handleRequest(null, Object(Config\Cache), false)
 9 FCPATH\index.php(67): CodeIgniter\CodeIgniter->run()
INFO - 2023-05-27 23:14:26 --> Session: Class initialized using 'CodeIgniter\Session\Handlers\FileHandler' driver.
CRITICAL - 2023-05-27 23:14:26 --> Undefined variable $cabecera
in APPPATH\Views\baja.php on line 1.
 1 APPPATH\Views\baja.php(1): CodeIgniter\Debug\Exceptions->errorHandler(2, 'Undefined variable $cabecera', 'C:\\xampp\\htdocs\\mi_veterinaria\\app\\Views\\baja.php', 1)
 2 SYSTEMPATH\View\View.php(213): include('C:\\xampp\\htdocs\\mi_veterinaria\\app\\Views\\baja.php')
 3 SYSTEMPATH\View\View.php(216): CodeIgniter\View\View->CodeIgniter\View\{closure}()
 4 SYSTEMPATH\Common.php(1184): CodeIgniter\View\View->render('baja', [], true)
 5 APPPATH\Controllers\Baja.php(29): view('baja', [...])
 6 SYSTEMPATH\CodeIgniter.php(934): App\Controllers\Baja->index()
 7 SYSTEMPATH\CodeIgniter.php(499): CodeIgniter\CodeIgniter->runController(Object(App\Controllers\Baja))
 8 SYSTEMPATH\CodeIgniter.php(368): CodeIgniter\CodeIgniter->handleRequest(null, Object(Config\Cache), false)
 9 FCPATH\index.php(67): CodeIgniter\CodeIgniter->run()
INFO - 2023-05-27 23:14:33 --> Session: Class initialized using 'CodeIgniter\Session\Handlers\FileHandler' driver.
CRITICAL - 2023-05-27 23:14:33 --> Undefined variable $cabecera
in APPPATH\Views\baja.php on line 1.
 1 APPPATH\Views\baja.php(1): CodeIgniter\Debug\Exceptions->errorHandler(2, 'Undefined variable $cabecera', 'C:\\xampp\\htdocs\\mi_veterinaria\\app\\Views\\baja.php', 1)
 2 SYSTEMPATH\View\View.php(213): include('C:\\xampp\\htdocs\\mi_veterinaria\\app\\Views\\baja.php')
 3 SYSTEMPATH\View\View.php(216): CodeIgniter\View\View->CodeIgniter\View\{closure}()
 4 SYSTEMPATH\Common.php(1184): CodeIgniter\View\View->render('baja', [], true)
 5 APPPATH\Controllers\Baja.php(29): view('baja', [...])
 6 SYSTEMPATH\CodeIgniter.php(934): App\Controllers\Baja->index()
 7 SYSTEMPATH\CodeIgniter.php(499): CodeIgniter\CodeIgniter->runController(Object(App\Controllers\Baja))
 8 SYSTEMPATH\CodeIgniter.php(368): CodeIgniter\CodeIgniter->handleRequest(null, Object(Config\Cache), false)
 9 FCPATH\index.php(67): CodeIgniter\CodeIgniter->run()
INFO - 2023-05-27 23:15:12 --> Session: Class initialized using 'CodeIgniter\Session\Handlers\FileHandler' driver.
INFO - 2023-05-27 23:15:35 --> Session: Class initialized using 'CodeIgniter\Session\Handlers\FileHandler' driver.
INFO - 2023-05-27 23:16:17 --> Session: Class initialized using 'CodeIgniter\Session\Handlers\FileHandler' driver.
INFO - 2023-05-27 23:16:19 --> Session: Class initialized using 'CodeIgniter\Session\Handlers\FileHandler' driver.
INFO - 2023-05-27 20:16:28 --> Session: Class initialized using 'CodeIgniter\Session\Handlers\FileHandler' driver.
INFO - 2023-05-27 23:16:30 --> Session: Class initialized using 'CodeIgniter\Session\Handlers\FileHandler' driver.
INFO - 2023-05-27 23:16:59 --> Session: Class initialized using 'CodeIgniter\Session\Handlers\FileHandler' driver.
INFO - 2023-05-27 23:17:30 --> Session: Class initialized using 'CodeIgniter\Session\Handlers\FileHandler' driver.
INFO - 2023-05-27 23:17:33 --> Session: Class initialized using 'CodeIgniter\Session\Handlers\FileHandler' driver.
INFO - 2023-05-27 23:19:19 --> Session: Class initialized using 'CodeIgniter\Session\Handlers\FileHandler' driver.
INFO - 2023-05-27 23:19:50 --> Session: Class initialized using 'CodeIgniter\Session\Handlers\FileHandler' driver.
INFO - 2023-05-27 23:19:51 --> Session: Class initialized using 'CodeIgniter\Session\Handlers\FileHandler' driver.
INFO - 2023-05-27 23:20:19 --> Session: Class initialized using 'CodeIgniter\Session\Handlers\FileHandler' driver.
INFO - 2023-05-27 20:20:42 --> Session: Class initialized using 'CodeIgniter\Session\Handlers\FileHandler' driver.
INFO - 2023-05-27 23:21:21 --> Session: Class initialized using 'CodeIgniter\Session\Handlers\FileHandler' driver.
INFO - 2023-05-27 23:22:20 --> Session: Class initialized using 'CodeIgniter\Session\Handlers\FileHandler' driver.
CRITICAL - 2023-05-27 23:22:20 --> Illegal offset type
in APPPATH\Controllers\Baja.php on line 27.
 1 SYSTEMPATH\CodeIgniter.php(934): App\Controllers\Baja->index()
 2 SYSTEMPATH\CodeIgniter.php(499): CodeIgniter\CodeIgniter->runController(Object(App\Controllers\Baja))
 3 SYSTEMPATH\CodeIgniter.php(368): CodeIgniter\CodeIgniter->handleRequest(null, Object(Config\Cache), false)
 4 FCPATH\index.php(67): CodeIgniter\CodeIgniter->run()
INFO - 2023-05-27 23:22:50 --> Session: Class initialized using 'CodeIgniter\Session\Handlers\FileHandler' driver.
INFO - 2023-05-27 23:22:53 --> Session: Class initialized using 'CodeIgniter\Session\Handlers\FileHandler' driver.
INFO - 2023-05-27 23:24:50 --> Session: Class initialized using 'CodeIgniter\Session\Handlers\FileHandler' driver.
INFO - 2023-05-27 23:24:52 --> Session: Class initialized using 'CodeIgniter\Session\Handlers\FileHandler' driver.
INFO - 2023-05-27 23:25:09 --> Session: Class initialized using 'CodeIgniter\Session\Handlers\FileHandler' driver.
INFO - 2023-05-27 23:25:38 --> Session: Class initialized using 'CodeIgniter\Session\Handlers\FileHandler' driver.
INFO - 2023-05-27 23:26:05 --> Session: Class initialized using 'CodeIgniter\Session\Handlers\FileHandler' driver.
INFO - 2023-05-27 23:26:54 --> Session: Class initialized using 'CodeIgniter\Session\Handlers\FileHandler' driver.
INFO - 2023-05-27 23:27:10 --> Session: Class initialized using 'CodeIgniter\Session\Handlers\FileHandler' driver.
INFO - 2023-05-27 23:27:20 --> Session: Class initialized using 'CodeIgniter\Session\Handlers\FileHandler' driver.
INFO - 2023-05-27 23:28:33 --> Session: Class initialized using 'CodeIgniter\Session\Handlers\FileHandler' driver.
INFO - 2023-05-27 20:28:36 --> Session: Class initialized using 'CodeIgniter\Session\Handlers\FileHandler' driver.
INFO - 2023-05-27 23:28:37 --> Session: Class initialized using 'CodeIgniter\Session\Handlers\FileHandler' driver.
INFO - 2023-05-27 23:28:38 --> Session: Class initialized using 'CodeIgniter\Session\Handlers\FileHandler' driver.
INFO - 2023-05-27 23:28:49 --> Session: Class initialized using 'CodeIgniter\Session\Handlers\FileHandler' driver.
INFO - 2023-05-27 23:28:50 --> Session: Class initialized using 'CodeIgniter\Session\Handlers\FileHandler' driver.
INFO - 2023-05-27 20:28:50 --> Session: Class initialized using 'CodeIgniter\Session\Handlers\FileHandler' driver.
INFO - 2023-05-27 20:28:55 --> Session: Class initialized using 'CodeIgniter\Session\Handlers\FileHandler' driver.
INFO - 2023-05-27 23:29:06 --> Session: Class initialized using 'CodeIgniter\Session\Handlers\FileHandler' driver.
INFO - 2023-05-27 23:29:09 --> Session: Class initialized using 'CodeIgniter\Session\Handlers\FileHandler' driver.
INFO - 2023-05-27 23:29:13 --> Session: Class initialized using 'CodeIgniter\Session\Handlers\FileHandler' driver.
INFO - 2023-05-27 23:29:14 --> Session: Class initialized using 'CodeIgniter\Session\Handlers\FileHandler' driver.
INFO - 2023-05-27 23:29:17 --> Session: Class initialized using 'CodeIgniter\Session\Handlers\FileHandler' driver.
INFO - 2023-05-27 23:29:22 --> Session: Class initialized using 'CodeIgniter\Session\Handlers\FileHandler' driver.
INFO - 2023-05-27 23:29:24 --> Session: Class initialized using 'CodeIgniter\Session\Handlers\FileHandler' driver.
INFO - 2023-05-27 23:29:27 --> Session: Class initialized using 'CodeIgniter\Session\Handlers\FileHandler' driver.
INFO - 2023-05-27 20:30:49 --> Session: Class initialized using 'CodeIgniter\Session\Handlers\FileHandler' driver.
INFO - 2023-05-27 20:32:13 --> Session: Class initialized using 'CodeIgniter\Session\Handlers\FileHandler' driver.
INFO - 2023-05-27 23:32:14 --> Session: Class initialized using 'CodeIgniter\Session\Handlers\FileHandler' driver.
CRITICAL - 2023-05-27 23:32:17 --> Undefined variable $cabecera
in APPPATH\Views\editar.php on line 1.
 1 APPPATH\Views\editar.php(1): CodeIgniter\Debug\Exceptions->errorHandler(2, 'Undefined variable $cabecera', 'C:\\xampp\\htdocs\\mi_veterinaria\\app\\Views\\editar.php', 1)
 2 SYSTEMPATH\View\View.php(213): include('C:\\xampp\\htdocs\\mi_veterinaria\\app\\Views\\editar.php')
 3 SYSTEMPATH\View\View.php(216): CodeIgniter\View\View->CodeIgniter\View\{closure}()
 4 SYSTEMPATH\Common.php(1184): CodeIgniter\View\View->render('editar', [], true)
 5 APPPATH\Controllers\Modificar.php(62): view('editar', [...])
 6 SYSTEMPATH\CodeIgniter.php(934): App\Controllers\Modificar->editar()
 7 SYSTEMPATH\CodeIgniter.php(499): CodeIgniter\CodeIgniter->runController(Object(App\Controllers\Modificar))
 8 SYSTEMPATH\CodeIgniter.php(368): CodeIgniter\CodeIgniter->handleRequest(null, Object(Config\Cache), false)
 9 FCPATH\index.php(67): CodeIgniter\CodeIgniter->run()
INFO - 2023-05-27 23:33:50 --> Session: Class initialized using 'CodeIgniter\Session\Handlers\FileHandler' driver.
INFO - 2023-05-27 23:33:55 --> Session: Class initialized using 'CodeIgniter\Session\Handlers\FileHandler' driver.
INFO - 2023-05-27 23:33:57 --> Session: Class initialized using 'CodeIgniter\Session\Handlers\FileHandler' driver.
INFO - 2023-05-27 23:33:59 --> Session: Class initialized using 'CodeIgniter\Session\Handlers\FileHandler' driver.
INFO - 2023-05-27 23:34:00 --> Session: Class initialized using 'CodeIgniter\Session\Handlers\FileHandler' driver.
INFO - 2023-05-27 23:34:05 --> Session: Class initialized using 'CodeIgniter\Session\Handlers\FileHandler' driver.
INFO - 2023-05-27 23:34:05 --> Session: Class initialized using 'CodeIgniter\Session\Handlers\FileHandler' driver.
INFO - 2023-05-27 23:34:07 --> Session: Class initialized using 'CodeIgniter\Session\Handlers\FileHandler' driver.
INFO - 2023-05-27 23:34:09 --> Session: Class initialized using 'CodeIgniter\Session\Handlers\FileHandler' driver.
INFO - 2023-05-27 23:35:31 --> Session: Class initialized using 'CodeIgniter\Session\Handlers\FileHandler' driver.
INFO - 2023-05-27 23:36:04 --> Session: Class initialized using 'CodeIgniter\Session\Handlers\FileHandler' driver.
INFO - 2023-05-27 23:36:06 --> Session: Class initialized using 'CodeIgniter\Session\Handlers\FileHandler' driver.
INFO - 2023-05-27 23:36:09 --> Session: Class initialized using 'CodeIgniter\Session\Handlers\FileHandler' driver.
INFO - 2023-05-27 20:40:08 --> Session: Class initialized using 'CodeIgniter\Session\Handlers\FileHandler' driver.
INFO - 2023-05-27 20:43:12 --> Session: Class initialized using 'CodeIgniter\Session\Handlers\FileHandler' driver.
INFO - 2023-05-27 23:43:13 --> Session: Class initialized using 'CodeIgniter\Session\Handlers\FileHandler' driver.
INFO - 2023-05-27 23:43:14 --> Session: Class initialized using 'CodeIgniter\Session\Handlers\FileHandler' driver.
INFO - 2023-05-27 20:43:15 --> Session: Class initialized using 'CodeIgniter\Session\Handlers\FileHandler' driver.
